#
# There is insufficient memory for the Java Runtime Environment to continue.
# Native memory allocation (malloc) failed to allocate 328496 bytes. Error detail: Chunk::new
# Possible reasons:
#   The system is out of physical RAM or swap space
#   This process is running with CompressedOops enabled, and the Java Heap may be blocking the growth of the native heap
# Possible solutions:
#   Reduce memory load on the system
#   Increase physical memory or swap space
#   Check if swap backing store is full
#   Decrease Java heap size (-Xmx/-Xms)
#   Decrease number of Java threads
#   Decrease Java thread stack sizes (-Xss)
#   Set larger code cache with -XX:ReservedCodeCacheSize=
#   JVM is running with Unscaled Compressed Oops mode in which the Java heap is
#     placed in the first 4GB address space. The Java Heap base address is the
#     maximum limit for the native heap growth. Please use -XX:HeapBaseMinAddress
#     to set the Java Heap base and to place the Java Heap above 4GB virtual address.
# This output file may be truncated or incomplete.
#
#  Out of Memory Error (arena.cpp:191), pid=24468, tid=30248
#
# JRE version: OpenJDK Runtime Environment Corretto-17.0.13.11.1 (17.0.13+11) (build 17.0.13+11-LTS)
# Java VM: OpenJDK 64-Bit Server VM Corretto-17.0.13.11.1 (17.0.13+11-LTS, mixed mode, sharing, tiered, compressed oops, compressed class ptrs, g1 gc, windows-amd64)
# No core dump will be written. Minidumps are not enabled by default on client versions of Windows
#

---------------  S U M M A R Y ------------

Command Line: --add-opens=java.base/java.lang=ALL-UNNAMED --add-opens=java.base/java.lang.invoke=ALL-UNNAMED --add-opens=java.base/java.util=ALL-UNNAMED --add-opens=java.prefs/java.util.prefs=ALL-UNNAMED --add-exports=jdk.compiler/com.sun.tools.javac.api=ALL-UNNAMED --add-exports=jdk.compiler/com.sun.tools.javac.util=ALL-UNNAMED --add-opens=java.base/java.util=ALL-UNNAMED --add-opens=java.prefs/java.util.prefs=ALL-UNNAMED --add-opens=java.base/java.nio.charset=ALL-UNNAMED --add-opens=java.base/java.net=ALL-UNNAMED --add-opens=java.base/java.util.concurrent.atomic=ALL-UNNAMED --add-opens=java.xml/javax.xml.namespace=ALL-UNNAMED -XX:MaxMetaspaceSize=384m -XX:+HeapDumpOnOutOfMemoryError -Xms256m -Xmx512m -Dfile.encoding=UTF-8 -Duser.country=US -Duser.language=en -Duser.variant -javaagent:C:\Users\ASUS\.gradle\wrapper\dists\gradle-8.14-bin\38aieal9i53h9rfe7vjup95b9\gradle-8.14\lib\agents\gradle-instrumentation-agent-8.14.jar org.gradle.launcher.daemon.bootstrap.GradleDaemon 8.14

Host: 12th Gen Intel(R) Core(TM) i7-12700H, 20 cores, 7G,  Windows 11 , 64 bit Build 26100 (10.0.26100.4202)
Time: Sat Jun 14 21:08:46 2025 SE Asia Standard Time elapsed time: 15.005425 seconds (0d 0h 0m 15s)

---------------  T H R E A D  ---------------

Current thread (0x000001d452984c90):  JavaThread "C2 CompilerThread0" daemon [_thread_in_native, id=30248, stack(0x000000cd0f300000,0x000000cd0f400000)]


Current CompileTask:
C2:  15005 5501   !   4       java.net.URL::<init> (543 bytes)

Stack: [0x000000cd0f300000,0x000000cd0f400000]
Native frames: (J=compiled Java code, j=interpreted, Vv=VM code, C=native code)
V  [jvm.dll+0x680c19]
V  [jvm.dll+0x83888a]
V  [jvm.dll+0x83a34e]
V  [jvm.dll+0x83a9b3]
V  [jvm.dll+0x2481af]
V  [jvm.dll+0xac9f4]
V  [jvm.dll+0xad03c]
V  [jvm.dll+0x2af7df]
V  [jvm.dll+0x587047]
V  [jvm.dll+0x223012]
V  [jvm.dll+0x22340f]
V  [jvm.dll+0x21c530]
V  [jvm.dll+0x219a31]
V  [jvm.dll+0x1a58ed]
V  [jvm.dll+0x22988d]
V  [jvm.dll+0x227a1c]
V  [jvm.dll+0x7ed737]
V  [jvm.dll+0x7e7b2c]
V  [jvm.dll+0x67fae7]
C  [ucrtbase.dll+0x37b0]
C  [KERNEL32.DLL+0x2e8d7]
C  [ntdll.dll+0x3c34c]


---------------  P R O C E S S  ---------------

Threads class SMR info:
_java_thread_list=0x000001d46caa6700, length=53, elements={
0x000001d436db58c0, 0x000001d452857d80, 0x000001d452858850, 0x000001d45286ace0,
0x000001d45286d5c0, 0x000001d45286de90, 0x000001d452980080, 0x000001d452984c90,
0x000001d45298a2f0, 0x000001d45298b3e0, 0x000001d452abf5b0, 0x000001d452bdaa10,
0x000001d46d510e30, 0x000001d46dbe8940, 0x000001d452b9f020, 0x000001d46cba1420,
0x000001d46c0f6be0, 0x000001d46c895a70, 0x000001d46c895f80, 0x000001d46c895050,
0x000001d46c8982f0, 0x000001d46c8969a0, 0x000001d46c896eb0, 0x000001d46c8973c0,
0x000001d46c8978d0, 0x000001d46c894b40, 0x000001d46efee6c0, 0x000001d46eff0520,
0x000001d46efeebd0, 0x000001d46eff1450, 0x000001d46efef5f0, 0x000001d46eff0010,
0x000001d46eff1e70, 0x000001d4712e7710, 0x000001d4712e8b50, 0x000001d4712e62d0,
0x000001d4712e9060, 0x000001d4712e9a80, 0x000001d4712e9f90, 0x000001d4712e6cf0,
0x000001d4712ea4a0, 0x000001d4712ea9b0, 0x000001d4712e7200, 0x000001d4712e7c20,
0x000001d4712ecd20, 0x000001d4712eb8e0, 0x000001d4712ebdf0, 0x000001d4712ed740,
0x000001d4712eb3d0, 0x000001d4712ed230, 0x000001d4712eaec0, 0x000001d4712ec810,
0x000001d4712ec300
}

Java Threads: ( => current thread )
  0x000001d436db58c0 JavaThread "main" [_thread_blocked, id=30292, stack(0x000000cd0e600000,0x000000cd0e700000)]
  0x000001d452857d80 JavaThread "Reference Handler" daemon [_thread_blocked, id=35752, stack(0x000000cd0ed00000,0x000000cd0ee00000)]
  0x000001d452858850 JavaThread "Finalizer" daemon [_thread_blocked, id=37400, stack(0x000000cd0ee00000,0x000000cd0ef00000)]
  0x000001d45286ace0 JavaThread "Signal Dispatcher" daemon [_thread_blocked, id=36912, stack(0x000000cd0ef00000,0x000000cd0f000000)]
  0x000001d45286d5c0 JavaThread "Attach Listener" daemon [_thread_blocked, id=31164, stack(0x000000cd0f000000,0x000000cd0f100000)]
  0x000001d45286de90 JavaThread "Service Thread" daemon [_thread_blocked, id=18916, stack(0x000000cd0f100000,0x000000cd0f200000)]
  0x000001d452980080 JavaThread "Monitor Deflation Thread" daemon [_thread_blocked, id=5544, stack(0x000000cd0f200000,0x000000cd0f300000)]
=>0x000001d452984c90 JavaThread "C2 CompilerThread0" daemon [_thread_in_native, id=30248, stack(0x000000cd0f300000,0x000000cd0f400000)]
  0x000001d45298a2f0 JavaThread "C1 CompilerThread0" daemon [_thread_blocked, id=38144, stack(0x000000cd0f400000,0x000000cd0f500000)]
  0x000001d45298b3e0 JavaThread "Sweeper thread" daemon [_thread_blocked, id=15872, stack(0x000000cd0f500000,0x000000cd0f600000)]
  0x000001d452abf5b0 JavaThread "Common-Cleaner" daemon [_thread_blocked, id=7772, stack(0x000000cd0f600000,0x000000cd0f700000)]
  0x000001d452bdaa10 JavaThread "Notification Thread" daemon [_thread_blocked, id=37360, stack(0x000000cd0f700000,0x000000cd0f800000)]
  0x000001d46d510e30 JavaThread "Daemon health stats" [_thread_blocked, id=3772, stack(0x000000cd0fe00000,0x000000cd0ff00000)]
  0x000001d46dbe8940 JavaThread "Incoming local TCP Connector on port 53520" [_thread_in_native, id=37152, stack(0x000000cd10100000,0x000000cd10200000)]
  0x000001d452b9f020 JavaThread "Daemon periodic checks" [_thread_blocked, id=35860, stack(0x000000cd10200000,0x000000cd10300000)]
  0x000001d46cba1420 JavaThread "Daemon" [_thread_blocked, id=31192, stack(0x000000cd10300000,0x000000cd10400000)]
  0x000001d46c0f6be0 JavaThread "Handler for socket connection from /127.0.0.1:53520 to /127.0.0.1:53521" [_thread_in_native, id=31308, stack(0x000000cd10400000,0x000000cd10500000)]
  0x000001d46c895a70 JavaThread "Cancel handler" [_thread_blocked, id=29164, stack(0x000000cd10500000,0x000000cd10600000)]
  0x000001d46c895f80 JavaThread "Daemon worker" [_thread_in_vm, id=37000, stack(0x000000cd10600000,0x000000cd10700000)]
  0x000001d46c895050 JavaThread "Asynchronous log dispatcher for DefaultDaemonConnection: socket connection from /127.0.0.1:53520 to /127.0.0.1:53521" [_thread_blocked, id=38484, stack(0x000000cd10700000,0x000000cd10800000)]
  0x000001d46c8982f0 JavaThread "Stdin handler" [_thread_blocked, id=6628, stack(0x000000cd10800000,0x000000cd10900000)]
  0x000001d46c8969a0 JavaThread "Daemon client event forwarder" [_thread_blocked, id=22672, stack(0x000000cd10900000,0x000000cd10a00000)]
  0x000001d46c896eb0 JavaThread "Cache worker for journal cache (C:\Users\ASUS\.gradle\caches\journal-1)" [_thread_blocked, id=38268, stack(0x000000cd10a00000,0x000000cd10b00000)]
  0x000001d46c8973c0 JavaThread "File lock request listener" [_thread_in_native, id=38420, stack(0x000000cd10b00000,0x000000cd10c00000)]
  0x000001d46c8978d0 JavaThread "Cache worker for file hash cache (C:\Users\ASUS\.gradle\caches\8.14\fileHashes)" [_thread_blocked, id=17812, stack(0x000000cd10c00000,0x000000cd10d00000)]
  0x000001d46c894b40 JavaThread "Cache worker for file hash cache (C:\Users\ASUS\OneDrive\Desktop\case 5\Project_C0824M1_JV103\.gradle\8.14\fileHashes)" [_thread_blocked, id=5460, stack(0x000000cd10f00000,0x000000cd11000000)]
  0x000001d46efee6c0 JavaThread "Cache worker for Build Output Cleanup Cache (C:\Users\ASUS\OneDrive\Desktop\case 5\Project_C0824M1_JV103\.gradle\buildOutputCleanup)" [_thread_blocked, id=35212, stack(0x000000cd11000000,0x000000cd11100000)]
  0x000001d46eff0520 JavaThread "File watcher server" daemon [_thread_in_native, id=37804, stack(0x000000cd11d00000,0x000000cd11e00000)]
  0x000001d46efeebd0 JavaThread "File watcher consumer" daemon [_thread_blocked, id=35976, stack(0x000000cd11e00000,0x000000cd11f00000)]
  0x000001d46eff1450 JavaThread "jar transforms" [_thread_blocked, id=36076, stack(0x000000cd10d00000,0x000000cd10e00000)]
  0x000001d46efef5f0 JavaThread "jar transforms Thread 2" [_thread_blocked, id=7680, stack(0x000000cd11f00000,0x000000cd12000000)]
  0x000001d46eff0010 JavaThread "Cache worker for checksums cache (C:\Users\ASUS\OneDrive\Desktop\case 5\Project_C0824M1_JV103\.gradle\8.14\checksums)" [_thread_blocked, id=28608, stack(0x000000cd12100000,0x000000cd12200000)]
  0x000001d46eff1e70 JavaThread "Cache worker for file content cache (C:\Users\ASUS\.gradle\caches\8.14\fileContent)" [_thread_blocked, id=10640, stack(0x000000cd12200000,0x000000cd12300000)]
  0x000001d4712e7710 JavaThread "jar transforms Thread 3" [_thread_blocked, id=21472, stack(0x000000cd12300000,0x000000cd12400000)]
  0x000001d4712e8b50 JavaThread "Cache worker for cache directory md-supplier (C:\Users\ASUS\.gradle\caches\8.14\md-supplier)" [_thread_blocked, id=19400, stack(0x000000cd12400000,0x000000cd12500000)]
  0x000001d4712e62d0 JavaThread "Cache worker for cache directory md-rule (C:\Users\ASUS\.gradle\caches\8.14\md-rule)" [_thread_blocked, id=36708, stack(0x000000cd12500000,0x000000cd12600000)]
  0x000001d4712e9060 JavaThread "Unconstrained build operations" [_thread_blocked, id=23996, stack(0x000000cd12600000,0x000000cd12700000)]
  0x000001d4712e9a80 JavaThread "Unconstrained build operations Thread 2" [_thread_blocked, id=23508, stack(0x000000cd12700000,0x000000cd12800000)]
  0x000001d4712e9f90 JavaThread "Unconstrained build operations Thread 3" [_thread_blocked, id=18720, stack(0x000000cd12800000,0x000000cd12900000)]
  0x000001d4712e6cf0 JavaThread "Unconstrained build operations Thread 4" [_thread_blocked, id=9264, stack(0x000000cd12900000,0x000000cd12a00000)]
  0x000001d4712ea4a0 JavaThread "Unconstrained build operations Thread 5" [_thread_blocked, id=38328, stack(0x000000cd12a00000,0x000000cd12b00000)]
  0x000001d4712ea9b0 JavaThread "Unconstrained build operations Thread 6" [_thread_blocked, id=6848, stack(0x000000cd12b00000,0x000000cd12c00000)]
  0x000001d4712e7200 JavaThread "Unconstrained build operations Thread 7" [_thread_blocked, id=8488, stack(0x000000cd12c00000,0x000000cd12d00000)]
  0x000001d4712e7c20 JavaThread "Unconstrained build operations Thread 8" [_thread_blocked, id=37132, stack(0x000000cd12d00000,0x000000cd12e00000)]
  0x000001d4712ecd20 JavaThread "jar transforms Thread 4" [_thread_blocked, id=37084, stack(0x000000cd12e00000,0x000000cd12f00000)]
  0x000001d4712eb8e0 JavaThread "jar transforms Thread 5" [_thread_blocked, id=17572, stack(0x000000cd12f00000,0x000000cd13000000)]
  0x000001d4712ebdf0 JavaThread "Unconstrained build operations Thread 9" [_thread_blocked, id=30892, stack(0x000000cd13000000,0x000000cd13100000)]
  0x000001d4712ed740 JavaThread "Unconstrained build operations Thread 10" [_thread_blocked, id=32668, stack(0x000000cd13100000,0x000000cd13200000)]
  0x000001d4712eb3d0 JavaThread "Unconstrained build operations Thread 11" [_thread_blocked, id=25728, stack(0x000000cd13200000,0x000000cd13300000)]
  0x000001d4712ed230 JavaThread "Unconstrained build operations Thread 12" [_thread_blocked, id=19448, stack(0x000000cd13300000,0x000000cd13400000)]
  0x000001d4712eaec0 JavaThread "jar transforms Thread 6" [_thread_blocked, id=38860, stack(0x000000cd13400000,0x000000cd13500000)]
  0x000001d4712ec810 JavaThread "jar transforms Thread 7" [_thread_blocked, id=25912, stack(0x000000cd13500000,0x000000cd13600000)]
  0x000001d4712ec300 JavaThread "jar transforms Thread 8" [_thread_blocked, id=19116, stack(0x000000cd13600000,0x000000cd13700000)]

Other Threads:
  0x000001d4528525e0 VMThread "VM Thread" [stack: 0x000000cd0ec00000,0x000000cd0ed00000] [id=11776]
  0x000001d436db6650 WatcherThread [stack: 0x000000cd0f800000,0x000000cd0f900000] [id=2276]
  0x000001d434a6a400 GCTaskThread "GC Thread#0" [stack: 0x000000cd0e700000,0x000000cd0e800000] [id=32796]
  0x000001d46c266850 GCTaskThread "GC Thread#1" [stack: 0x000000cd0f900000,0x000000cd0fa00000] [id=37980]
  0x000001d46c266b10 GCTaskThread "GC Thread#2" [stack: 0x000000cd0fa00000,0x000000cd0fb00000] [id=21772]
  0x000001d452c755f0 GCTaskThread "GC Thread#3" [stack: 0x000000cd0fb00000,0x000000cd0fc00000] [id=36604]
  0x000001d452c758b0 GCTaskThread "GC Thread#4" [stack: 0x000000cd0fc00000,0x000000cd0fd00000] [id=24420]
  0x000001d452c75b70 GCTaskThread "GC Thread#5" [stack: 0x000000cd0fd00000,0x000000cd0fe00000] [id=37976]
  0x000001d46c9295d0 GCTaskThread "GC Thread#6" [stack: 0x000000cd11100000,0x000000cd11200000] [id=6400]
  0x000001d46c929310 GCTaskThread "GC Thread#7" [stack: 0x000000cd11200000,0x000000cd11300000] [id=19164]
  0x000001d46c928810 GCTaskThread "GC Thread#8" [stack: 0x000000cd11300000,0x000000cd11400000] [id=27992]
  0x000001d46c927fd0 GCTaskThread "GC Thread#9" [stack: 0x000000cd11400000,0x000000cd11500000] [id=34112]
  0x000001d46c928290 GCTaskThread "GC Thread#10" [stack: 0x000000cd11500000,0x000000cd11600000] [id=37868]
  0x000001d46c928ad0 GCTaskThread "GC Thread#11" [stack: 0x000000cd11600000,0x000000cd11700000] [id=25152]
  0x000001d46c929050 GCTaskThread "GC Thread#12" [stack: 0x000000cd11700000,0x000000cd11800000] [id=33000]
  0x000001d46c928550 GCTaskThread "GC Thread#13" [stack: 0x000000cd11800000,0x000000cd11900000] [id=12084]
  0x000001d4705a3150 GCTaskThread "GC Thread#14" [stack: 0x000000cd11900000,0x000000cd11a00000] [id=38264]
  0x000001d434a6e150 ConcurrentGCThread "G1 Main Marker" [stack: 0x000000cd0e800000,0x000000cd0e900000] [id=34568]
  0x000001d434a6ebe0 ConcurrentGCThread "G1 Conc#0" [stack: 0x000000cd0e900000,0x000000cd0ea00000] [id=26436]
  0x000001d4705a41d0 ConcurrentGCThread "G1 Conc#1" [stack: 0x000000cd11a00000,0x000000cd11b00000] [id=13152]
  0x000001d4705a6850 ConcurrentGCThread "G1 Conc#2" [stack: 0x000000cd11b00000,0x000000cd11c00000] [id=23464]
  0x000001d4705a5d50 ConcurrentGCThread "G1 Conc#3" [stack: 0x000000cd11c00000,0x000000cd11d00000] [id=32788]
  0x000001d436e5e650 ConcurrentGCThread "G1 Refine#0" [stack: 0x000000cd0ea00000,0x000000cd0eb00000] [id=38528]
  0x000001d4527091c0 ConcurrentGCThread "G1 Service" [stack: 0x000000cd0eb00000,0x000000cd0ec00000] [id=38640]

Threads with active compile tasks:
C2 CompilerThread0    15050 5501   !   4       java.net.URL::<init> (543 bytes)

VM state: not at safepoint (normal execution)

VM Mutex/Monitor currently owned by a thread:  ([mutex/lock_event])
[0x000001d436db1560] Metaspace_lock - owner thread: 0x000001d46c895f80

Heap address: 0x00000000e0000000, size: 512 MB, Compressed Oops mode: 32-bit

CDS archive(s) mapped at: [0x000001d453000000-0x000001d453bb0000-0x000001d453bb0000), size 12255232, SharedBaseAddress: 0x000001d453000000, ArchiveRelocationMode: 1.
Compressed class space mapped at: 0x000001d454000000-0x000001d468000000, reserved size: 335544320
Narrow klass base: 0x000001d453000000, Narrow klass shift: 0, Narrow klass range: 0x100000000

GC Precious Log:
 CPUs: 20 total, 20 available
 Memory: 7812M
 Large Page Support: Disabled
 NUMA Support: Disabled
 Compressed Oops: Enabled (32-bit)
 Heap Region Size: 1M
 Heap Min Capacity: 256M
 Heap Initial Capacity: 256M
 Heap Max Capacity: 512M
 Pre-touch: Disabled
 Parallel Workers: 15
 Concurrent Workers: 4
 Concurrent Refinement Workers: 15
 Periodic GC: Disabled

Heap:
 garbage-first heap   total 262144K, used 132438K [0x00000000e0000000, 0x0000000100000000)
  region size 1024K, 114 young (116736K), 16 survivors (16384K)
 Metaspace       used 46213K, committed 46720K, reserved 393216K
  class space    used 6471K, committed 6720K, reserved 327680K

Heap Regions: E=young(eden), S=young(survivor), O=old, HS=humongous(starts), HC=humongous(continues), CS=collection set, F=free, OA=open archive, CA=closed archive, TAMS=top-at-mark-start (previous, next)
|   0|0x00000000e0000000, 0x00000000e0100000, 0x00000000e0100000|100%|HS|  |TAMS 0x00000000e0100000, 0x00000000e0000000| Complete 
|   1|0x00000000e0100000, 0x00000000e0200000, 0x00000000e0200000|100%|HC|  |TAMS 0x00000000e0200000, 0x00000000e0100000| Complete 
|   2|0x00000000e0200000, 0x00000000e0300000, 0x00000000e0300000|100%|HC|  |TAMS 0x00000000e0300000, 0x00000000e0200000| Complete 
|   3|0x00000000e0300000, 0x00000000e0400000, 0x00000000e0400000|100%| O|  |TAMS 0x00000000e0400000, 0x00000000e0300000| Untracked 
|   4|0x00000000e0400000, 0x00000000e0500000, 0x00000000e0500000|100%| O|  |TAMS 0x00000000e0500000, 0x00000000e0400000| Untracked 
|   5|0x00000000e0500000, 0x00000000e0600000, 0x00000000e0600000|100%| O|  |TAMS 0x00000000e0600000, 0x00000000e0500000| Untracked 
|   6|0x00000000e0600000, 0x00000000e0700000, 0x00000000e0700000|100%|HS|  |TAMS 0x00000000e0700000, 0x00000000e0600000| Complete 
|   7|0x00000000e0700000, 0x00000000e0800000, 0x00000000e0800000|100%|HS|  |TAMS 0x00000000e0700000, 0x00000000e0700000| Complete 
|   8|0x00000000e0800000, 0x00000000e0900000, 0x00000000e0900000|100%| O|  |TAMS 0x00000000e0900000, 0x00000000e0800000| Untracked 
|   9|0x00000000e0900000, 0x00000000e0a00000, 0x00000000e0a00000|100%| O|  |TAMS 0x00000000e0a00000, 0x00000000e0900000| Untracked 
|  10|0x00000000e0a00000, 0x00000000e0b00000, 0x00000000e0b00000|100%| O|  |TAMS 0x00000000e0b00000, 0x00000000e0a00000| Untracked 
|  11|0x00000000e0b00000, 0x00000000e0c00000, 0x00000000e0c00000|100%| O|  |TAMS 0x00000000e0c00000, 0x00000000e0b00000| Untracked 
|  12|0x00000000e0c00000, 0x00000000e0d00000, 0x00000000e0d00000|100%| O|  |TAMS 0x00000000e0ca5400, 0x00000000e0c00000| Untracked 
|  13|0x00000000e0d00000, 0x00000000e0e00000, 0x00000000e0e00000|100%|HS|  |TAMS 0x00000000e0d00000, 0x00000000e0d00000| Complete 
|  14|0x00000000e0e00000, 0x00000000e0e00000, 0x00000000e0f00000|  0%| F|  |TAMS 0x00000000e0e00000, 0x00000000e0e00000| Untracked 
|  15|0x00000000e0f00000, 0x00000000e0f00000, 0x00000000e1000000|  0%| F|  |TAMS 0x00000000e0f00000, 0x00000000e0f00000| Untracked 
|  16|0x00000000e1000000, 0x00000000e1000000, 0x00000000e1100000|  0%| F|  |TAMS 0x00000000e1000000, 0x00000000e1000000| Untracked 
|  17|0x00000000e1100000, 0x00000000e1200000, 0x00000000e1200000|100%| O|  |TAMS 0x00000000e1100000, 0x00000000e1100000| Untracked 
|  18|0x00000000e1200000, 0x00000000e1300000, 0x00000000e1300000|100%| O|  |TAMS 0x00000000e1200000, 0x00000000e1200000| Untracked 
|  19|0x00000000e1300000, 0x00000000e1400000, 0x00000000e1400000|100%| O|  |TAMS 0x00000000e1300000, 0x00000000e1300000| Untracked 
|  20|0x00000000e1400000, 0x00000000e14df800, 0x00000000e1500000| 87%| O|  |TAMS 0x00000000e1400000, 0x00000000e1400000| Untracked 
|  21|0x00000000e1500000, 0x00000000e1500000, 0x00000000e1600000|  0%| F|  |TAMS 0x00000000e1500000, 0x00000000e1500000| Untracked 
|  22|0x00000000e1600000, 0x00000000e1600000, 0x00000000e1700000|  0%| F|  |TAMS 0x00000000e1600000, 0x00000000e1600000| Untracked 
|  23|0x00000000e1700000, 0x00000000e1700000, 0x00000000e1800000|  0%| F|  |TAMS 0x00000000e1700000, 0x00000000e1700000| Untracked 
|  24|0x00000000e1800000, 0x00000000e1800000, 0x00000000e1900000|  0%| F|  |TAMS 0x00000000e1800000, 0x00000000e1800000| Untracked 
|  25|0x00000000e1900000, 0x00000000e1900000, 0x00000000e1a00000|  0%| F|  |TAMS 0x00000000e1900000, 0x00000000e1900000| Untracked 
|  26|0x00000000e1a00000, 0x00000000e1a00000, 0x00000000e1b00000|  0%| F|  |TAMS 0x00000000e1a00000, 0x00000000e1a00000| Untracked 
|  27|0x00000000e1b00000, 0x00000000e1b00000, 0x00000000e1c00000|  0%| F|  |TAMS 0x00000000e1b00000, 0x00000000e1b00000| Untracked 
|  28|0x00000000e1c00000, 0x00000000e1c00000, 0x00000000e1d00000|  0%| F|  |TAMS 0x00000000e1c00000, 0x00000000e1c00000| Untracked 
|  29|0x00000000e1d00000, 0x00000000e1d00000, 0x00000000e1e00000|  0%| F|  |TAMS 0x00000000e1d00000, 0x00000000e1d00000| Untracked 
|  30|0x00000000e1e00000, 0x00000000e1e00000, 0x00000000e1f00000|  0%| F|  |TAMS 0x00000000e1e00000, 0x00000000e1e00000| Untracked 
|  31|0x00000000e1f00000, 0x00000000e1f00000, 0x00000000e2000000|  0%| F|  |TAMS 0x00000000e1f00000, 0x00000000e1f00000| Untracked 
|  32|0x00000000e2000000, 0x00000000e2000000, 0x00000000e2100000|  0%| F|  |TAMS 0x00000000e2000000, 0x00000000e2000000| Untracked 
|  33|0x00000000e2100000, 0x00000000e2100000, 0x00000000e2200000|  0%| F|  |TAMS 0x00000000e2100000, 0x00000000e2100000| Untracked 
|  34|0x00000000e2200000, 0x00000000e2200000, 0x00000000e2300000|  0%| F|  |TAMS 0x00000000e2200000, 0x00000000e2200000| Untracked 
|  35|0x00000000e2300000, 0x00000000e2300000, 0x00000000e2400000|  0%| F|  |TAMS 0x00000000e2300000, 0x00000000e2300000| Untracked 
|  36|0x00000000e2400000, 0x00000000e2400000, 0x00000000e2500000|  0%| F|  |TAMS 0x00000000e2400000, 0x00000000e2400000| Untracked 
|  37|0x00000000e2500000, 0x00000000e2500000, 0x00000000e2600000|  0%| F|  |TAMS 0x00000000e2500000, 0x00000000e2500000| Untracked 
|  38|0x00000000e2600000, 0x00000000e2600000, 0x00000000e2700000|  0%| F|  |TAMS 0x00000000e2600000, 0x00000000e2600000| Untracked 
|  39|0x00000000e2700000, 0x00000000e2700000, 0x00000000e2800000|  0%| F|  |TAMS 0x00000000e2700000, 0x00000000e2700000| Untracked 
|  40|0x00000000e2800000, 0x00000000e2800000, 0x00000000e2900000|  0%| F|  |TAMS 0x00000000e2800000, 0x00000000e2800000| Untracked 
|  41|0x00000000e2900000, 0x00000000e2900000, 0x00000000e2a00000|  0%| F|  |TAMS 0x00000000e2900000, 0x00000000e2900000| Untracked 
|  42|0x00000000e2a00000, 0x00000000e2a00000, 0x00000000e2b00000|  0%| F|  |TAMS 0x00000000e2a00000, 0x00000000e2a00000| Untracked 
|  43|0x00000000e2b00000, 0x00000000e2b00000, 0x00000000e2c00000|  0%| F|  |TAMS 0x00000000e2b00000, 0x00000000e2b00000| Untracked 
|  44|0x00000000e2c00000, 0x00000000e2c00000, 0x00000000e2d00000|  0%| F|  |TAMS 0x00000000e2c00000, 0x00000000e2c00000| Untracked 
|  45|0x00000000e2d00000, 0x00000000e2d00000, 0x00000000e2e00000|  0%| F|  |TAMS 0x00000000e2d00000, 0x00000000e2d00000| Untracked 
|  46|0x00000000e2e00000, 0x00000000e2e00000, 0x00000000e2f00000|  0%| F|  |TAMS 0x00000000e2e00000, 0x00000000e2e00000| Untracked 
|  47|0x00000000e2f00000, 0x00000000e2f00000, 0x00000000e3000000|  0%| F|  |TAMS 0x00000000e2f00000, 0x00000000e2f00000| Untracked 
|  48|0x00000000e3000000, 0x00000000e3000000, 0x00000000e3100000|  0%| F|  |TAMS 0x00000000e3000000, 0x00000000e3000000| Untracked 
|  49|0x00000000e3100000, 0x00000000e3100000, 0x00000000e3200000|  0%| F|  |TAMS 0x00000000e3100000, 0x00000000e3100000| Untracked 
|  50|0x00000000e3200000, 0x00000000e3200000, 0x00000000e3300000|  0%| F|  |TAMS 0x00000000e3200000, 0x00000000e3200000| Untracked 
|  51|0x00000000e3300000, 0x00000000e3300000, 0x00000000e3400000|  0%| F|  |TAMS 0x00000000e3300000, 0x00000000e3300000| Untracked 
|  52|0x00000000e3400000, 0x00000000e3400000, 0x00000000e3500000|  0%| F|  |TAMS 0x00000000e3400000, 0x00000000e3400000| Untracked 
|  53|0x00000000e3500000, 0x00000000e3500000, 0x00000000e3600000|  0%| F|  |TAMS 0x00000000e3500000, 0x00000000e3500000| Untracked 
|  54|0x00000000e3600000, 0x00000000e3600000, 0x00000000e3700000|  0%| F|  |TAMS 0x00000000e3600000, 0x00000000e3600000| Untracked 
|  55|0x00000000e3700000, 0x00000000e3700000, 0x00000000e3800000|  0%| F|  |TAMS 0x00000000e3700000, 0x00000000e3700000| Untracked 
|  56|0x00000000e3800000, 0x00000000e3800000, 0x00000000e3900000|  0%| F|  |TAMS 0x00000000e3800000, 0x00000000e3800000| Untracked 
|  57|0x00000000e3900000, 0x00000000e3900000, 0x00000000e3a00000|  0%| F|  |TAMS 0x00000000e3900000, 0x00000000e3900000| Untracked 
|  58|0x00000000e3a00000, 0x00000000e3a00000, 0x00000000e3b00000|  0%| F|  |TAMS 0x00000000e3a00000, 0x00000000e3a00000| Untracked 
|  59|0x00000000e3b00000, 0x00000000e3b00000, 0x00000000e3c00000|  0%| F|  |TAMS 0x00000000e3b00000, 0x00000000e3b00000| Untracked 
|  60|0x00000000e3c00000, 0x00000000e3c00000, 0x00000000e3d00000|  0%| F|  |TAMS 0x00000000e3c00000, 0x00000000e3c00000| Untracked 
|  61|0x00000000e3d00000, 0x00000000e3d00000, 0x00000000e3e00000|  0%| F|  |TAMS 0x00000000e3d00000, 0x00000000e3d00000| Untracked 
|  62|0x00000000e3e00000, 0x00000000e3e00000, 0x00000000e3f00000|  0%| F|  |TAMS 0x00000000e3e00000, 0x00000000e3e00000| Untracked 
|  63|0x00000000e3f00000, 0x00000000e3f00000, 0x00000000e4000000|  0%| F|  |TAMS 0x00000000e3f00000, 0x00000000e3f00000| Untracked 
|  64|0x00000000e4000000, 0x00000000e4000000, 0x00000000e4100000|  0%| F|  |TAMS 0x00000000e4000000, 0x00000000e4000000| Untracked 
|  65|0x00000000e4100000, 0x00000000e4100000, 0x00000000e4200000|  0%| F|  |TAMS 0x00000000e4100000, 0x00000000e4100000| Untracked 
|  66|0x00000000e4200000, 0x00000000e4200000, 0x00000000e4300000|  0%| F|  |TAMS 0x00000000e4200000, 0x00000000e4200000| Untracked 
|  67|0x00000000e4300000, 0x00000000e4300000, 0x00000000e4400000|  0%| F|  |TAMS 0x00000000e4300000, 0x00000000e4300000| Untracked 
|  68|0x00000000e4400000, 0x00000000e4400000, 0x00000000e4500000|  0%| F|  |TAMS 0x00000000e4400000, 0x00000000e4400000| Untracked 
|  69|0x00000000e4500000, 0x00000000e4500000, 0x00000000e4600000|  0%| F|  |TAMS 0x00000000e4500000, 0x00000000e4500000| Untracked 
|  70|0x00000000e4600000, 0x00000000e4600000, 0x00000000e4700000|  0%| F|  |TAMS 0x00000000e4600000, 0x00000000e4600000| Untracked 
|  71|0x00000000e4700000, 0x00000000e4700000, 0x00000000e4800000|  0%| F|  |TAMS 0x00000000e4700000, 0x00000000e4700000| Untracked 
|  72|0x00000000e4800000, 0x00000000e4800000, 0x00000000e4900000|  0%| F|  |TAMS 0x00000000e4800000, 0x00000000e4800000| Untracked 
|  73|0x00000000e4900000, 0x00000000e4900000, 0x00000000e4a00000|  0%| F|  |TAMS 0x00000000e4900000, 0x00000000e4900000| Untracked 
|  74|0x00000000e4a00000, 0x00000000e4a00000, 0x00000000e4b00000|  0%| F|  |TAMS 0x00000000e4a00000, 0x00000000e4a00000| Untracked 
|  75|0x00000000e4b00000, 0x00000000e4b00000, 0x00000000e4c00000|  0%| F|  |TAMS 0x00000000e4b00000, 0x00000000e4b00000| Untracked 
|  76|0x00000000e4c00000, 0x00000000e4c00000, 0x00000000e4d00000|  0%| F|  |TAMS 0x00000000e4c00000, 0x00000000e4c00000| Untracked 
|  77|0x00000000e4d00000, 0x00000000e4d00000, 0x00000000e4e00000|  0%| F|  |TAMS 0x00000000e4d00000, 0x00000000e4d00000| Untracked 
|  78|0x00000000e4e00000, 0x00000000e4e00000, 0x00000000e4f00000|  0%| F|  |TAMS 0x00000000e4e00000, 0x00000000e4e00000| Untracked 
|  79|0x00000000e4f00000, 0x00000000e4f00000, 0x00000000e5000000|  0%| F|  |TAMS 0x00000000e4f00000, 0x00000000e4f00000| Untracked 
|  80|0x00000000e5000000, 0x00000000e5000000, 0x00000000e5100000|  0%| F|  |TAMS 0x00000000e5000000, 0x00000000e5000000| Untracked 
|  81|0x00000000e5100000, 0x00000000e5100000, 0x00000000e5200000|  0%| F|  |TAMS 0x00000000e5100000, 0x00000000e5100000| Untracked 
|  82|0x00000000e5200000, 0x00000000e5200000, 0x00000000e5300000|  0%| F|  |TAMS 0x00000000e5200000, 0x00000000e5200000| Untracked 
|  83|0x00000000e5300000, 0x00000000e5300000, 0x00000000e5400000|  0%| F|  |TAMS 0x00000000e5300000, 0x00000000e5300000| Untracked 
|  84|0x00000000e5400000, 0x00000000e5400000, 0x00000000e5500000|  0%| F|  |TAMS 0x00000000e5400000, 0x00000000e5400000| Untracked 
|  85|0x00000000e5500000, 0x00000000e5500000, 0x00000000e5600000|  0%| F|  |TAMS 0x00000000e5500000, 0x00000000e5500000| Untracked 
|  86|0x00000000e5600000, 0x00000000e5600000, 0x00000000e5700000|  0%| F|  |TAMS 0x00000000e5600000, 0x00000000e5600000| Untracked 
|  87|0x00000000e5700000, 0x00000000e5700000, 0x00000000e5800000|  0%| F|  |TAMS 0x00000000e5700000, 0x00000000e5700000| Untracked 
|  88|0x00000000e5800000, 0x00000000e5800000, 0x00000000e5900000|  0%| F|  |TAMS 0x00000000e5800000, 0x00000000e5800000| Untracked 
|  89|0x00000000e5900000, 0x00000000e5900000, 0x00000000e5a00000|  0%| F|  |TAMS 0x00000000e5900000, 0x00000000e5900000| Untracked 
|  90|0x00000000e5a00000, 0x00000000e5a00000, 0x00000000e5b00000|  0%| F|  |TAMS 0x00000000e5a00000, 0x00000000e5a00000| Untracked 
|  91|0x00000000e5b00000, 0x00000000e5b00000, 0x00000000e5c00000|  0%| F|  |TAMS 0x00000000e5b00000, 0x00000000e5b00000| Untracked 
|  92|0x00000000e5c00000, 0x00000000e5c00000, 0x00000000e5d00000|  0%| F|  |TAMS 0x00000000e5c00000, 0x00000000e5c00000| Untracked 
|  93|0x00000000e5d00000, 0x00000000e5d00000, 0x00000000e5e00000|  0%| F|  |TAMS 0x00000000e5d00000, 0x00000000e5d00000| Untracked 
|  94|0x00000000e5e00000, 0x00000000e5e00000, 0x00000000e5f00000|  0%| F|  |TAMS 0x00000000e5e00000, 0x00000000e5e00000| Untracked 
|  95|0x00000000e5f00000, 0x00000000e5f00000, 0x00000000e6000000|  0%| F|  |TAMS 0x00000000e5f00000, 0x00000000e5f00000| Untracked 
|  96|0x00000000e6000000, 0x00000000e6000000, 0x00000000e6100000|  0%| F|  |TAMS 0x00000000e6000000, 0x00000000e6000000| Untracked 
|  97|0x00000000e6100000, 0x00000000e6100000, 0x00000000e6200000|  0%| F|  |TAMS 0x00000000e6100000, 0x00000000e6100000| Untracked 
|  98|0x00000000e6200000, 0x00000000e6200000, 0x00000000e6300000|  0%| F|  |TAMS 0x00000000e6200000, 0x00000000e6200000| Untracked 
|  99|0x00000000e6300000, 0x00000000e6300000, 0x00000000e6400000|  0%| F|  |TAMS 0x00000000e6300000, 0x00000000e6300000| Untracked 
| 100|0x00000000e6400000, 0x00000000e6400000, 0x00000000e6500000|  0%| F|  |TAMS 0x00000000e6400000, 0x00000000e6400000| Untracked 
| 101|0x00000000e6500000, 0x00000000e6500000, 0x00000000e6600000|  0%| F|  |TAMS 0x00000000e6500000, 0x00000000e6500000| Untracked 
| 102|0x00000000e6600000, 0x00000000e6600000, 0x00000000e6700000|  0%| F|  |TAMS 0x00000000e6600000, 0x00000000e6600000| Untracked 
| 103|0x00000000e6700000, 0x00000000e6700000, 0x00000000e6800000|  0%| F|  |TAMS 0x00000000e6700000, 0x00000000e6700000| Untracked 
| 104|0x00000000e6800000, 0x00000000e6800000, 0x00000000e6900000|  0%| F|  |TAMS 0x00000000e6800000, 0x00000000e6800000| Untracked 
| 105|0x00000000e6900000, 0x00000000e6900000, 0x00000000e6a00000|  0%| F|  |TAMS 0x00000000e6900000, 0x00000000e6900000| Untracked 
| 106|0x00000000e6a00000, 0x00000000e6a00000, 0x00000000e6b00000|  0%| F|  |TAMS 0x00000000e6a00000, 0x00000000e6a00000| Untracked 
| 107|0x00000000e6b00000, 0x00000000e6b00000, 0x00000000e6c00000|  0%| F|  |TAMS 0x00000000e6b00000, 0x00000000e6b00000| Untracked 
| 108|0x00000000e6c00000, 0x00000000e6c00000, 0x00000000e6d00000|  0%| F|  |TAMS 0x00000000e6c00000, 0x00000000e6c00000| Untracked 
| 109|0x00000000e6d00000, 0x00000000e6d00000, 0x00000000e6e00000|  0%| F|  |TAMS 0x00000000e6d00000, 0x00000000e6d00000| Untracked 
| 110|0x00000000e6e00000, 0x00000000e6e00000, 0x00000000e6f00000|  0%| F|  |TAMS 0x00000000e6e00000, 0x00000000e6e00000| Untracked 
| 111|0x00000000e6f00000, 0x00000000e6f76190, 0x00000000e7000000| 46%| S|CS|TAMS 0x00000000e6f00000, 0x00000000e6f00000| Complete 
| 112|0x00000000e7000000, 0x00000000e7100000, 0x00000000e7100000|100%| S|CS|TAMS 0x00000000e7000000, 0x00000000e7000000| Complete 
| 113|0x00000000e7100000, 0x00000000e7200000, 0x00000000e7200000|100%| S|CS|TAMS 0x00000000e7100000, 0x00000000e7100000| Complete 
| 114|0x00000000e7200000, 0x00000000e7300000, 0x00000000e7300000|100%| S|CS|TAMS 0x00000000e7200000, 0x00000000e7200000| Complete 
| 115|0x00000000e7300000, 0x00000000e7400000, 0x00000000e7400000|100%| S|CS|TAMS 0x00000000e7300000, 0x00000000e7300000| Complete 
| 116|0x00000000e7400000, 0x00000000e7500000, 0x00000000e7500000|100%| S|CS|TAMS 0x00000000e7400000, 0x00000000e7400000| Complete 
| 117|0x00000000e7500000, 0x00000000e7600000, 0x00000000e7600000|100%| S|CS|TAMS 0x00000000e7500000, 0x00000000e7500000| Complete 
| 118|0x00000000e7600000, 0x00000000e7700000, 0x00000000e7700000|100%| S|CS|TAMS 0x00000000e7600000, 0x00000000e7600000| Complete 
| 119|0x00000000e7700000, 0x00000000e7800000, 0x00000000e7800000|100%| S|CS|TAMS 0x00000000e7700000, 0x00000000e7700000| Complete 
| 120|0x00000000e7800000, 0x00000000e7900000, 0x00000000e7900000|100%| S|CS|TAMS 0x00000000e7800000, 0x00000000e7800000| Complete 
| 121|0x00000000e7900000, 0x00000000e7a00000, 0x00000000e7a00000|100%| S|CS|TAMS 0x00000000e7900000, 0x00000000e7900000| Complete 
| 122|0x00000000e7a00000, 0x00000000e7b00000, 0x00000000e7b00000|100%| S|CS|TAMS 0x00000000e7a00000, 0x00000000e7a00000| Complete 
| 123|0x00000000e7b00000, 0x00000000e7c00000, 0x00000000e7c00000|100%| S|CS|TAMS 0x00000000e7b00000, 0x00000000e7b00000| Complete 
| 124|0x00000000e7c00000, 0x00000000e7d00000, 0x00000000e7d00000|100%| S|CS|TAMS 0x00000000e7c00000, 0x00000000e7c00000| Complete 
| 125|0x00000000e7d00000, 0x00000000e7e00000, 0x00000000e7e00000|100%| S|CS|TAMS 0x00000000e7d00000, 0x00000000e7d00000| Complete 
| 126|0x00000000e7e00000, 0x00000000e7f00000, 0x00000000e7f00000|100%| S|CS|TAMS 0x00000000e7e00000, 0x00000000e7e00000| Complete 
| 127|0x00000000e7f00000, 0x00000000e7f00000, 0x00000000e8000000|  0%| F|  |TAMS 0x00000000e7f00000, 0x00000000e7f00000| Untracked 
| 128|0x00000000e8000000, 0x00000000e8000000, 0x00000000e8100000|  0%| F|  |TAMS 0x00000000e8000000, 0x00000000e8000000| Untracked 
| 129|0x00000000e8100000, 0x00000000e8100000, 0x00000000e8200000|  0%| F|  |TAMS 0x00000000e8100000, 0x00000000e8100000| Untracked 
| 130|0x00000000e8200000, 0x00000000e8200000, 0x00000000e8300000|  0%| F|  |TAMS 0x00000000e8200000, 0x00000000e8200000| Untracked 
| 131|0x00000000e8300000, 0x00000000e8300000, 0x00000000e8400000|  0%| F|  |TAMS 0x00000000e8300000, 0x00000000e8300000| Untracked 
| 132|0x00000000e8400000, 0x00000000e8400000, 0x00000000e8500000|  0%| F|  |TAMS 0x00000000e8400000, 0x00000000e8400000| Untracked 
| 133|0x00000000e8500000, 0x00000000e8500000, 0x00000000e8600000|  0%| F|  |TAMS 0x00000000e8500000, 0x00000000e8500000| Untracked 
| 134|0x00000000e8600000, 0x00000000e8600000, 0x00000000e8700000|  0%| F|  |TAMS 0x00000000e8600000, 0x00000000e8600000| Untracked 
| 135|0x00000000e8700000, 0x00000000e8700000, 0x00000000e8800000|  0%| F|  |TAMS 0x00000000e8700000, 0x00000000e8700000| Untracked 
| 136|0x00000000e8800000, 0x00000000e8800000, 0x00000000e8900000|  0%| F|  |TAMS 0x00000000e8800000, 0x00000000e8800000| Untracked 
| 137|0x00000000e8900000, 0x00000000e8900000, 0x00000000e8a00000|  0%| F|  |TAMS 0x00000000e8900000, 0x00000000e8900000| Untracked 
| 138|0x00000000e8a00000, 0x00000000e8a00000, 0x00000000e8b00000|  0%| F|  |TAMS 0x00000000e8a00000, 0x00000000e8a00000| Untracked 
| 139|0x00000000e8b00000, 0x00000000e8b00000, 0x00000000e8c00000|  0%| F|  |TAMS 0x00000000e8b00000, 0x00000000e8b00000| Untracked 
| 140|0x00000000e8c00000, 0x00000000e8c00000, 0x00000000e8d00000|  0%| F|  |TAMS 0x00000000e8c00000, 0x00000000e8c00000| Untracked 
| 141|0x00000000e8d00000, 0x00000000e8d00000, 0x00000000e8e00000|  0%| F|  |TAMS 0x00000000e8d00000, 0x00000000e8d00000| Untracked 
| 142|0x00000000e8e00000, 0x00000000e8e00000, 0x00000000e8f00000|  0%| F|  |TAMS 0x00000000e8e00000, 0x00000000e8e00000| Untracked 
| 143|0x00000000e8f00000, 0x00000000e8f00000, 0x00000000e9000000|  0%| F|  |TAMS 0x00000000e8f00000, 0x00000000e8f00000| Untracked 
| 144|0x00000000e9000000, 0x00000000e9000000, 0x00000000e9100000|  0%| F|  |TAMS 0x00000000e9000000, 0x00000000e9000000| Untracked 
| 145|0x00000000e9100000, 0x00000000e9100000, 0x00000000e9200000|  0%| F|  |TAMS 0x00000000e9100000, 0x00000000e9100000| Untracked 
| 146|0x00000000e9200000, 0x00000000e9200000, 0x00000000e9300000|  0%| F|  |TAMS 0x00000000e9200000, 0x00000000e9200000| Untracked 
| 147|0x00000000e9300000, 0x00000000e9300000, 0x00000000e9400000|  0%| F|  |TAMS 0x00000000e9300000, 0x00000000e9300000| Untracked 
| 148|0x00000000e9400000, 0x00000000e9400000, 0x00000000e9500000|  0%| F|  |TAMS 0x00000000e9400000, 0x00000000e9400000| Untracked 
| 149|0x00000000e9500000, 0x00000000e9500000, 0x00000000e9600000|  0%| F|  |TAMS 0x00000000e9500000, 0x00000000e9500000| Untracked 
| 150|0x00000000e9600000, 0x00000000e9600000, 0x00000000e9700000|  0%| F|  |TAMS 0x00000000e9600000, 0x00000000e9600000| Untracked 
| 151|0x00000000e9700000, 0x00000000e9700000, 0x00000000e9800000|  0%| F|  |TAMS 0x00000000e9700000, 0x00000000e9700000| Untracked 
| 152|0x00000000e9800000, 0x00000000e9800000, 0x00000000e9900000|  0%| F|  |TAMS 0x00000000e9800000, 0x00000000e9800000| Untracked 
| 153|0x00000000e9900000, 0x00000000e9900000, 0x00000000e9a00000|  0%| F|  |TAMS 0x00000000e9900000, 0x00000000e9900000| Untracked 
| 154|0x00000000e9a00000, 0x00000000e9a00000, 0x00000000e9b00000|  0%| F|  |TAMS 0x00000000e9a00000, 0x00000000e9a00000| Untracked 
| 155|0x00000000e9b00000, 0x00000000e9b00000, 0x00000000e9c00000|  0%| F|  |TAMS 0x00000000e9b00000, 0x00000000e9b00000| Untracked 
| 156|0x00000000e9c00000, 0x00000000e9c00000, 0x00000000e9d00000|  0%| F|  |TAMS 0x00000000e9c00000, 0x00000000e9c00000| Untracked 
| 157|0x00000000e9d00000, 0x00000000e9d00000, 0x00000000e9e00000|  0%| F|  |TAMS 0x00000000e9d00000, 0x00000000e9d00000| Untracked 
| 158|0x00000000e9e00000, 0x00000000e9f00000, 0x00000000e9f00000|100%| E|  |TAMS 0x00000000e9e00000, 0x00000000e9e00000| Complete 
| 159|0x00000000e9f00000, 0x00000000ea000000, 0x00000000ea000000|100%| E|CS|TAMS 0x00000000e9f00000, 0x00000000e9f00000| Complete 
| 160|0x00000000ea000000, 0x00000000ea100000, 0x00000000ea100000|100%| E|CS|TAMS 0x00000000ea000000, 0x00000000ea000000| Complete 
| 161|0x00000000ea100000, 0x00000000ea200000, 0x00000000ea200000|100%| E|CS|TAMS 0x00000000ea100000, 0x00000000ea100000| Complete 
| 162|0x00000000ea200000, 0x00000000ea300000, 0x00000000ea300000|100%| E|CS|TAMS 0x00000000ea200000, 0x00000000ea200000| Complete 
| 163|0x00000000ea300000, 0x00000000ea400000, 0x00000000ea400000|100%| E|CS|TAMS 0x00000000ea300000, 0x00000000ea300000| Complete 
| 164|0x00000000ea400000, 0x00000000ea500000, 0x00000000ea500000|100%| E|CS|TAMS 0x00000000ea400000, 0x00000000ea400000| Complete 
| 165|0x00000000ea500000, 0x00000000ea600000, 0x00000000ea600000|100%| E|CS|TAMS 0x00000000ea500000, 0x00000000ea500000| Complete 
| 166|0x00000000ea600000, 0x00000000ea700000, 0x00000000ea700000|100%| E|CS|TAMS 0x00000000ea600000, 0x00000000ea600000| Complete 
| 167|0x00000000ea700000, 0x00000000ea800000, 0x00000000ea800000|100%| E|CS|TAMS 0x00000000ea700000, 0x00000000ea700000| Complete 
| 168|0x00000000ea800000, 0x00000000ea900000, 0x00000000ea900000|100%| E|CS|TAMS 0x00000000ea800000, 0x00000000ea800000| Complete 
| 169|0x00000000ea900000, 0x00000000eaa00000, 0x00000000eaa00000|100%| E|CS|TAMS 0x00000000ea900000, 0x00000000ea900000| Complete 
| 170|0x00000000eaa00000, 0x00000000eab00000, 0x00000000eab00000|100%| E|CS|TAMS 0x00000000eaa00000, 0x00000000eaa00000| Complete 
| 171|0x00000000eab00000, 0x00000000eac00000, 0x00000000eac00000|100%| E|CS|TAMS 0x00000000eab00000, 0x00000000eab00000| Complete 
| 172|0x00000000eac00000, 0x00000000ead00000, 0x00000000ead00000|100%| E|CS|TAMS 0x00000000eac00000, 0x00000000eac00000| Complete 
| 173|0x00000000ead00000, 0x00000000eae00000, 0x00000000eae00000|100%| E|  |TAMS 0x00000000ead00000, 0x00000000ead00000| Complete 
| 174|0x00000000eae00000, 0x00000000eaf00000, 0x00000000eaf00000|100%| E|CS|TAMS 0x00000000eae00000, 0x00000000eae00000| Complete 
| 175|0x00000000eaf00000, 0x00000000eb000000, 0x00000000eb000000|100%| E|CS|TAMS 0x00000000eaf00000, 0x00000000eaf00000| Complete 
| 176|0x00000000eb000000, 0x00000000eb100000, 0x00000000eb100000|100%| E|CS|TAMS 0x00000000eb000000, 0x00000000eb000000| Complete 
| 177|0x00000000eb100000, 0x00000000eb200000, 0x00000000eb200000|100%| E|CS|TAMS 0x00000000eb100000, 0x00000000eb100000| Complete 
| 178|0x00000000eb200000, 0x00000000eb300000, 0x00000000eb300000|100%| E|CS|TAMS 0x00000000eb200000, 0x00000000eb200000| Complete 
| 179|0x00000000eb300000, 0x00000000eb400000, 0x00000000eb400000|100%| E|CS|TAMS 0x00000000eb300000, 0x00000000eb300000| Complete 
| 180|0x00000000eb400000, 0x00000000eb500000, 0x00000000eb500000|100%| E|CS|TAMS 0x00000000eb400000, 0x00000000eb400000| Complete 
| 181|0x00000000eb500000, 0x00000000eb600000, 0x00000000eb600000|100%| E|CS|TAMS 0x00000000eb500000, 0x00000000eb500000| Complete 
| 182|0x00000000eb600000, 0x00000000eb700000, 0x00000000eb700000|100%| E|CS|TAMS 0x00000000eb600000, 0x00000000eb600000| Complete 
| 183|0x00000000eb700000, 0x00000000eb800000, 0x00000000eb800000|100%| E|CS|TAMS 0x00000000eb700000, 0x00000000eb700000| Complete 
| 184|0x00000000eb800000, 0x00000000eb900000, 0x00000000eb900000|100%| E|CS|TAMS 0x00000000eb800000, 0x00000000eb800000| Complete 
| 185|0x00000000eb900000, 0x00000000eba00000, 0x00000000eba00000|100%| E|CS|TAMS 0x00000000eb900000, 0x00000000eb900000| Complete 
| 186|0x00000000eba00000, 0x00000000ebb00000, 0x00000000ebb00000|100%| E|CS|TAMS 0x00000000eba00000, 0x00000000eba00000| Complete 
| 187|0x00000000ebb00000, 0x00000000ebc00000, 0x00000000ebc00000|100%| E|CS|TAMS 0x00000000ebb00000, 0x00000000ebb00000| Complete 
| 188|0x00000000ebc00000, 0x00000000ebd00000, 0x00000000ebd00000|100%| E|CS|TAMS 0x00000000ebc00000, 0x00000000ebc00000| Complete 
| 189|0x00000000ebd00000, 0x00000000ebe00000, 0x00000000ebe00000|100%| E|CS|TAMS 0x00000000ebd00000, 0x00000000ebd00000| Complete 
| 190|0x00000000ebe00000, 0x00000000ebf00000, 0x00000000ebf00000|100%| E|CS|TAMS 0x00000000ebe00000, 0x00000000ebe00000| Complete 
| 191|0x00000000ebf00000, 0x00000000ec000000, 0x00000000ec000000|100%| E|CS|TAMS 0x00000000ebf00000, 0x00000000ebf00000| Complete 
| 192|0x00000000ec000000, 0x00000000ec100000, 0x00000000ec100000|100%| E|CS|TAMS 0x00000000ec000000, 0x00000000ec000000| Complete 
| 193|0x00000000ec100000, 0x00000000ec200000, 0x00000000ec200000|100%| E|CS|TAMS 0x00000000ec100000, 0x00000000ec100000| Complete 
| 194|0x00000000ec200000, 0x00000000ec300000, 0x00000000ec300000|100%| E|CS|TAMS 0x00000000ec200000, 0x00000000ec200000| Complete 
| 195|0x00000000ec300000, 0x00000000ec400000, 0x00000000ec400000|100%| E|CS|TAMS 0x00000000ec300000, 0x00000000ec300000| Complete 
| 196|0x00000000ec400000, 0x00000000ec500000, 0x00000000ec500000|100%| E|CS|TAMS 0x00000000ec400000, 0x00000000ec400000| Complete 
| 197|0x00000000ec500000, 0x00000000ec600000, 0x00000000ec600000|100%| E|CS|TAMS 0x00000000ec500000, 0x00000000ec500000| Complete 
| 198|0x00000000ec600000, 0x00000000ec700000, 0x00000000ec700000|100%| E|CS|TAMS 0x00000000ec600000, 0x00000000ec600000| Complete 
| 199|0x00000000ec700000, 0x00000000ec800000, 0x00000000ec800000|100%| E|CS|TAMS 0x00000000ec700000, 0x00000000ec700000| Complete 
| 200|0x00000000ec800000, 0x00000000ec900000, 0x00000000ec900000|100%| E|CS|TAMS 0x00000000ec800000, 0x00000000ec800000| Complete 
| 201|0x00000000ec900000, 0x00000000eca00000, 0x00000000eca00000|100%| E|CS|TAMS 0x00000000ec900000, 0x00000000ec900000| Complete 
| 202|0x00000000eca00000, 0x00000000ecb00000, 0x00000000ecb00000|100%| E|CS|TAMS 0x00000000eca00000, 0x00000000eca00000| Complete 
| 203|0x00000000ecb00000, 0x00000000ecc00000, 0x00000000ecc00000|100%| E|CS|TAMS 0x00000000ecb00000, 0x00000000ecb00000| Complete 
| 204|0x00000000ecc00000, 0x00000000ecd00000, 0x00000000ecd00000|100%| E|CS|TAMS 0x00000000ecc00000, 0x00000000ecc00000| Complete 
| 205|0x00000000ecd00000, 0x00000000ece00000, 0x00000000ece00000|100%| E|CS|TAMS 0x00000000ecd00000, 0x00000000ecd00000| Complete 
| 206|0x00000000ece00000, 0x00000000ecf00000, 0x00000000ecf00000|100%| E|CS|TAMS 0x00000000ece00000, 0x00000000ece00000| Complete 
| 207|0x00000000ecf00000, 0x00000000ed000000, 0x00000000ed000000|100%| E|CS|TAMS 0x00000000ecf00000, 0x00000000ecf00000| Complete 
| 208|0x00000000ed000000, 0x00000000ed100000, 0x00000000ed100000|100%| E|CS|TAMS 0x00000000ed000000, 0x00000000ed000000| Complete 
| 209|0x00000000ed100000, 0x00000000ed200000, 0x00000000ed200000|100%| E|CS|TAMS 0x00000000ed100000, 0x00000000ed100000| Complete 
| 210|0x00000000ed200000, 0x00000000ed300000, 0x00000000ed300000|100%| E|CS|TAMS 0x00000000ed200000, 0x00000000ed200000| Complete 
| 211|0x00000000ed300000, 0x00000000ed400000, 0x00000000ed400000|100%| E|CS|TAMS 0x00000000ed300000, 0x00000000ed300000| Complete 
| 212|0x00000000ed400000, 0x00000000ed500000, 0x00000000ed500000|100%| E|CS|TAMS 0x00000000ed400000, 0x00000000ed400000| Complete 
| 213|0x00000000ed500000, 0x00000000ed600000, 0x00000000ed600000|100%| E|CS|TAMS 0x00000000ed500000, 0x00000000ed500000| Complete 
| 214|0x00000000ed600000, 0x00000000ed700000, 0x00000000ed700000|100%| E|CS|TAMS 0x00000000ed600000, 0x00000000ed600000| Complete 
| 215|0x00000000ed700000, 0x00000000ed800000, 0x00000000ed800000|100%| E|CS|TAMS 0x00000000ed700000, 0x00000000ed700000| Complete 
| 216|0x00000000ed800000, 0x00000000ed900000, 0x00000000ed900000|100%| E|CS|TAMS 0x00000000ed800000, 0x00000000ed800000| Complete 
| 217|0x00000000ed900000, 0x00000000eda00000, 0x00000000eda00000|100%| E|CS|TAMS 0x00000000ed900000, 0x00000000ed900000| Complete 
| 218|0x00000000eda00000, 0x00000000edb00000, 0x00000000edb00000|100%| E|CS|TAMS 0x00000000eda00000, 0x00000000eda00000| Complete 
| 219|0x00000000edb00000, 0x00000000edc00000, 0x00000000edc00000|100%| E|CS|TAMS 0x00000000edb00000, 0x00000000edb00000| Complete 
| 220|0x00000000edc00000, 0x00000000edd00000, 0x00000000edd00000|100%| E|CS|TAMS 0x00000000edc00000, 0x00000000edc00000| Complete 
| 221|0x00000000edd00000, 0x00000000ede00000, 0x00000000ede00000|100%| E|CS|TAMS 0x00000000edd00000, 0x00000000edd00000| Complete 
| 222|0x00000000ede00000, 0x00000000edf00000, 0x00000000edf00000|100%| E|CS|TAMS 0x00000000ede00000, 0x00000000ede00000| Complete 
| 223|0x00000000edf00000, 0x00000000ee000000, 0x00000000ee000000|100%| E|CS|TAMS 0x00000000edf00000, 0x00000000edf00000| Complete 
| 224|0x00000000ee000000, 0x00000000ee100000, 0x00000000ee100000|100%| E|CS|TAMS 0x00000000ee000000, 0x00000000ee000000| Complete 
| 225|0x00000000ee100000, 0x00000000ee200000, 0x00000000ee200000|100%| E|CS|TAMS 0x00000000ee100000, 0x00000000ee100000| Complete 
| 226|0x00000000ee200000, 0x00000000ee300000, 0x00000000ee300000|100%| E|CS|TAMS 0x00000000ee200000, 0x00000000ee200000| Complete 
| 227|0x00000000ee300000, 0x00000000ee400000, 0x00000000ee400000|100%| E|CS|TAMS 0x00000000ee300000, 0x00000000ee300000| Complete 
| 228|0x00000000ee400000, 0x00000000ee500000, 0x00000000ee500000|100%| E|CS|TAMS 0x00000000ee400000, 0x00000000ee400000| Complete 
| 229|0x00000000ee500000, 0x00000000ee600000, 0x00000000ee600000|100%| E|CS|TAMS 0x00000000ee500000, 0x00000000ee500000| Complete 
| 230|0x00000000ee600000, 0x00000000ee700000, 0x00000000ee700000|100%| E|CS|TAMS 0x00000000ee600000, 0x00000000ee600000| Complete 
| 231|0x00000000ee700000, 0x00000000ee800000, 0x00000000ee800000|100%| E|CS|TAMS 0x00000000ee700000, 0x00000000ee700000| Complete 
| 232|0x00000000ee800000, 0x00000000ee900000, 0x00000000ee900000|100%| E|CS|TAMS 0x00000000ee800000, 0x00000000ee800000| Complete 
| 233|0x00000000ee900000, 0x00000000eea00000, 0x00000000eea00000|100%| E|CS|TAMS 0x00000000ee900000, 0x00000000ee900000| Complete 
| 234|0x00000000eea00000, 0x00000000eeb00000, 0x00000000eeb00000|100%| E|CS|TAMS 0x00000000eea00000, 0x00000000eea00000| Complete 
| 235|0x00000000eeb00000, 0x00000000eec00000, 0x00000000eec00000|100%| E|CS|TAMS 0x00000000eeb00000, 0x00000000eeb00000| Complete 
| 236|0x00000000eec00000, 0x00000000eed00000, 0x00000000eed00000|100%| E|CS|TAMS 0x00000000eec00000, 0x00000000eec00000| Complete 
| 237|0x00000000eed00000, 0x00000000eee00000, 0x00000000eee00000|100%| E|CS|TAMS 0x00000000eed00000, 0x00000000eed00000| Complete 
| 238|0x00000000eee00000, 0x00000000eef00000, 0x00000000eef00000|100%| E|CS|TAMS 0x00000000eee00000, 0x00000000eee00000| Complete 
| 239|0x00000000eef00000, 0x00000000ef000000, 0x00000000ef000000|100%| E|CS|TAMS 0x00000000eef00000, 0x00000000eef00000| Complete 
| 240|0x00000000ef000000, 0x00000000ef100000, 0x00000000ef100000|100%| E|CS|TAMS 0x00000000ef000000, 0x00000000ef000000| Complete 
| 241|0x00000000ef100000, 0x00000000ef200000, 0x00000000ef200000|100%| E|CS|TAMS 0x00000000ef100000, 0x00000000ef100000| Complete 
| 242|0x00000000ef200000, 0x00000000ef300000, 0x00000000ef300000|100%| E|CS|TAMS 0x00000000ef200000, 0x00000000ef200000| Complete 
| 243|0x00000000ef300000, 0x00000000ef400000, 0x00000000ef400000|100%| E|CS|TAMS 0x00000000ef300000, 0x00000000ef300000| Complete 
| 244|0x00000000ef400000, 0x00000000ef500000, 0x00000000ef500000|100%| E|CS|TAMS 0x00000000ef400000, 0x00000000ef400000| Complete 
| 245|0x00000000ef500000, 0x00000000ef600000, 0x00000000ef600000|100%| E|CS|TAMS 0x00000000ef500000, 0x00000000ef500000| Complete 
| 246|0x00000000ef600000, 0x00000000ef700000, 0x00000000ef700000|100%| E|CS|TAMS 0x00000000ef600000, 0x00000000ef600000| Complete 
| 247|0x00000000ef700000, 0x00000000ef800000, 0x00000000ef800000|100%| E|CS|TAMS 0x00000000ef700000, 0x00000000ef700000| Complete 
| 248|0x00000000ef800000, 0x00000000ef900000, 0x00000000ef900000|100%| E|CS|TAMS 0x00000000ef800000, 0x00000000ef800000| Complete 
| 249|0x00000000ef900000, 0x00000000efa00000, 0x00000000efa00000|100%| E|CS|TAMS 0x00000000ef900000, 0x00000000ef900000| Complete 
| 250|0x00000000efa00000, 0x00000000efb00000, 0x00000000efb00000|100%| E|CS|TAMS 0x00000000efa00000, 0x00000000efa00000| Complete 
| 251|0x00000000efb00000, 0x00000000efc00000, 0x00000000efc00000|100%| E|CS|TAMS 0x00000000efb00000, 0x00000000efb00000| Complete 
| 252|0x00000000efc00000, 0x00000000efd00000, 0x00000000efd00000|100%| E|CS|TAMS 0x00000000efc00000, 0x00000000efc00000| Complete 
| 253|0x00000000efd00000, 0x00000000efe00000, 0x00000000efe00000|100%| E|CS|TAMS 0x00000000efd00000, 0x00000000efd00000| Complete 
| 254|0x00000000efe00000, 0x00000000eff00000, 0x00000000eff00000|100%| E|CS|TAMS 0x00000000efe00000, 0x00000000efe00000| Complete 
| 255|0x00000000eff00000, 0x00000000f0000000, 0x00000000f0000000|100%| E|CS|TAMS 0x00000000eff00000, 0x00000000eff00000| Complete 

Card table byte_map: [0x000001d44e480000,0x000001d44e580000] _byte_map_base: 0x000001d44dd80000

Marking Bits (Prev, Next): (CMBitMap*) 0x000001d434a6a830, (CMBitMap*) 0x000001d434a6a870
 Prev Bits: [0x000001d44e680000, 0x000001d44ee80000)
 Next Bits: [0x000001d44ee80000, 0x000001d44f680000)

Polling page: 0x000001d434950000

Metaspace:

Usage:
  Non-class:     38.81 MB used.
      Class:      6.32 MB used.
       Both:     45.13 MB used.

Virtual space:
  Non-class space:       64.00 MB reserved,      39.06 MB ( 61%) committed,  1 nodes.
      Class space:      320.00 MB reserved,       6.56 MB (  2%) committed,  1 nodes.
             Both:      384.00 MB reserved,      45.62 MB ( 12%) committed. 

Chunk freelists:
   Non-Class:  8.36 MB
       Class:  9.39 MB
        Both:  17.75 MB

MaxMetaspaceSize: 384.00 MB
CompressedClassSpaceSize: 320.00 MB
Initial GC threshold: 21.00 MB
Current GC threshold: 58.69 MB
CDS: on
MetaspaceReclaimPolicy: balanced
 - commit_granule_bytes: 65536.
 - commit_granule_words: 8192.
 - virtual_space_node_default_size: 8388608.
 - enlarge_chunks_in_place: 1.
 - new_chunks_are_fully_committed: 0.
 - uncommit_free_chunks: 1.
 - use_allocation_guard: 0.
 - handle_deallocations: 1.


Internal statistics:

num_allocs_failed_limit: 6.
num_arena_births: 564.
num_arena_deaths: 0.
num_vsnodes_births: 2.
num_vsnodes_deaths: 0.
num_space_committed: 730.
num_space_uncommitted: 0.
num_chunks_returned_to_freelist: 6.
num_chunks_taken_from_freelist: 2431.
num_chunk_merges: 6.
num_chunk_splits: 1588.
num_chunks_enlarged: 1063.
num_inconsistent_stats: 0.

CodeHeap 'non-profiled nmethods': size=119168Kb used=2587Kb max_used=3008Kb free=116580Kb
 bounds [0x000001d446480000, 0x000001d446780000, 0x000001d44d8e0000]
CodeHeap 'profiled nmethods': size=119104Kb used=9182Kb max_used=9635Kb free=109921Kb
 bounds [0x000001d43e8e0000, 0x000001d43f250000, 0x000001d445d30000]
CodeHeap 'non-nmethods': size=7488Kb used=2321Kb max_used=4043Kb free=5166Kb
 bounds [0x000001d445d30000, 0x000001d446140000, 0x000001d446480000]
 total_blobs=5592 nmethods=4755 adapters=749
 compilation: enabled
              stopped_count=0, restarted_count=0
 full_count=0

Compilation events (20 events):
Event: 12.924 Thread 0x000001d46d5378e0 5492       3       com.google.common.collect.SingletonImmutableSet::iterator (8 bytes)
Event: 12.925 Thread 0x000001d46d5378e0 nmethod 5492 0x000001d43e922f10 code [0x000001d43e9230c0, 0x000001d43e9233f8]
Event: 12.927 Thread 0x000001d452984c90 nmethod 5490 0x000001d446649090 code [0x000001d446649220, 0x000001d446649988]
Event: 12.928 Thread 0x000001d452984c90 5491       4       java.lang.Throwable::<init> (39 bytes)
Event: 12.931 Thread 0x000001d452984c90 nmethod 5491 0x000001d446648610 code [0x000001d4466487c0, 0x000001d446648f28]
Event: 12.931 Thread 0x000001d45298a2f0 5493       3       com.google.common.collect.ImmutableSet$Builder::build (32 bytes)
Event: 12.931 Thread 0x000001d45298a2f0 nmethod 5493 0x000001d43e922790 code [0x000001d43e922960, 0x000001d43e922dc8]
Event: 12.933 Thread 0x000001d46d5378e0 5494       3       com.google.common.cache.LocalCache::usesWriteQueue (5 bytes)
Event: 12.933 Thread 0x000001d46d5378e0 nmethod 5494 0x000001d43e922390 code [0x000001d43e922520, 0x000001d43e9226f8]
Event: 12.937 Thread 0x000001d46d5378e0 5495       3       java.util.concurrent.ConcurrentHashMap$Traverser::<init> (36 bytes)
Event: 12.937 Thread 0x000001d46df9a560 5496       3       jdk.internal.jimage.BasicImageReader::verifyLocation (39 bytes)
Event: 12.937 Thread 0x000001d46d5378e0 nmethod 5495 0x000001d43e921f10 code [0x000001d43e9220a0, 0x000001d43e922298]
Event: 12.937 Thread 0x000001d46df9a560 nmethod 5496 0x000001d43e921990 code [0x000001d43e921b60, 0x000001d43e921e28]
Event: 12.949 Thread 0x000001d452984c90 5497       4       jdk.internal.org.objectweb.asm.ByteVector::putByteArray (49 bytes)
Event: 12.950 Thread 0x000001d452984c90 nmethod 5497 0x000001d446648210 code [0x000001d446648380, 0x000001d4466484d8]
Event: 12.953 Thread 0x000001d45298a2f0 5498       3       org.gradle.internal.instantiation.generator.AsmBackedClassGenerator$ClassBuilderImpl::access$5800 (4 bytes)
Event: 12.953 Thread 0x000001d45298a2f0 nmethod 5498 0x000001d43f07d390 code [0x000001d43f07d520, 0x000001d43f07d618]
Event: 12.963 Thread 0x000001d452984c90 5499       4       java.security.SecureClassLoader$CodeSourceKey::equals (60 bytes)
Event: 12.965 Thread 0x000001d452984c90 nmethod 5499 0x000001d446647b10 code [0x000001d446647ca0, 0x000001d446647f78]
Event: 12.965 Thread 0x000001d452984c90 5501   !   4       java.net.URL::<init> (543 bytes)

GC Heap History (10 events):
Event: 0.510 GC heap before
{Heap before GC invocations=0 (full 0):
 garbage-first heap   total 262144K, used 23552K [0x00000000e0000000, 0x0000000100000000)
  region size 1024K, 23 young (23552K), 0 survivors (0K)
 Metaspace       used 1078K, committed 1216K, reserved 393216K
  class space    used 73K, committed 128K, reserved 327680K
}
Event: 0.512 GC heap after
{Heap after GC invocations=1 (full 0):
 garbage-first heap   total 262144K, used 2368K [0x00000000e0000000, 0x0000000100000000)
  region size 1024K, 3 young (3072K), 3 survivors (3072K)
 Metaspace       used 1078K, committed 1216K, reserved 393216K
  class space    used 73K, committed 128K, reserved 327680K
}
Event: 1.371 GC heap before
{Heap before GC invocations=1 (full 0):
 garbage-first heap   total 262144K, used 41280K [0x00000000e0000000, 0x0000000100000000)
  region size 1024K, 39 young (39936K), 3 survivors (3072K)
 Metaspace       used 4427K, committed 4608K, reserved 393216K
  class space    used 548K, committed 640K, reserved 327680K
}
Event: 1.378 GC heap after
{Heap after GC invocations=2 (full 0):
 garbage-first heap   total 262144K, used 10824K [0x00000000e0000000, 0x0000000100000000)
  region size 1024K, 5 young (5120K), 5 survivors (5120K)
 Metaspace       used 4427K, committed 4608K, reserved 393216K
  class space    used 548K, committed 640K, reserved 327680K
}
Event: 3.385 GC heap before
{Heap before GC invocations=2 (full 0):
 garbage-first heap   total 262144K, used 61000K [0x00000000e0000000, 0x0000000100000000)
  region size 1024K, 52 young (53248K), 5 survivors (5120K)
 Metaspace       used 5066K, committed 5248K, reserved 393216K
  class space    used 658K, committed 768K, reserved 327680K
}
Event: 3.411 GC heap after
{Heap after GC invocations=3 (full 0):
 garbage-first heap   total 262144K, used 16618K [0x00000000e0000000, 0x0000000100000000)
  region size 1024K, 5 young (5120K), 5 survivors (5120K)
 Metaspace       used 5066K, committed 5248K, reserved 393216K
  class space    used 658K, committed 768K, reserved 327680K
}
Event: 7.609 GC heap before
{Heap before GC invocations=3 (full 0):
 garbage-first heap   total 262144K, used 125162K [0x00000000e0000000, 0x0000000100000000)
  region size 1024K, 112 young (114688K), 5 survivors (5120K)
 Metaspace       used 21135K, committed 21504K, reserved 393216K
  class space    used 3065K, committed 3200K, reserved 327680K
}
Event: 7.617 GC heap after
{Heap after GC invocations=4 (full 0):
 garbage-first heap   total 262144K, used 23957K [0x00000000e0000000, 0x0000000100000000)
  region size 1024K, 12 young (12288K), 12 survivors (12288K)
 Metaspace       used 21135K, committed 21504K, reserved 393216K
  class space    used 3065K, committed 3200K, reserved 327680K
}
Event: 9.985 GC heap before
{Heap before GC invocations=5 (full 0):
 garbage-first heap   total 262144K, used 146837K [0x00000000e0000000, 0x0000000100000000)
  region size 1024K, 129 young (132096K), 12 survivors (12288K)
 Metaspace       used 35541K, committed 35968K, reserved 393216K
  class space    used 4918K, committed 5120K, reserved 327680K
}
Event: 9.996 GC heap after
{Heap after GC invocations=6 (full 0):
 garbage-first heap   total 262144K, used 32086K [0x00000000e0000000, 0x0000000100000000)
  region size 1024K, 16 young (16384K), 16 survivors (16384K)
 Metaspace       used 35541K, committed 35968K, reserved 393216K
  class space    used 4918K, committed 5120K, reserved 327680K
}

Dll operation events (15 events):
Event: 0.014 Loaded shared library C:\Users\ASUS\.jdks\corretto-17.0.13\bin\java.dll
Event: 0.040 Loaded shared library C:\Users\ASUS\.jdks\corretto-17.0.13\bin\jsvml.dll
Event: 0.104 Loaded shared library C:\Users\ASUS\.jdks\corretto-17.0.13\bin\zip.dll
Event: 0.111 Loaded shared library C:\Users\ASUS\.jdks\corretto-17.0.13\bin\instrument.dll
Event: 0.121 Loaded shared library C:\Users\ASUS\.jdks\corretto-17.0.13\bin\net.dll
Event: 0.125 Loaded shared library C:\Users\ASUS\.jdks\corretto-17.0.13\bin\nio.dll
Event: 0.129 Loaded shared library C:\Users\ASUS\.jdks\corretto-17.0.13\bin\zip.dll
Event: 0.449 Loaded shared library C:\Users\ASUS\.jdks\corretto-17.0.13\bin\jimage.dll
Event: 0.647 Loaded shared library C:\Users\ASUS\.jdks\corretto-17.0.13\bin\verify.dll
Event: 0.757 Loaded shared library C:\Users\ASUS\.gradle\native\1def1411415f61bf3af743bc5b6707747c0891f09f0c88961ee8f79bc544acac\windows-amd64\native-platform.dll
Event: 0.780 Loaded shared library C:\Users\ASUS\.gradle\native\0.2.7\x86_64-windows-gnu\gradle-fileevents.dll
Event: 3.591 Loaded shared library C:\Users\ASUS\.jdks\corretto-17.0.13\bin\management.dll
Event: 3.597 Loaded shared library C:\Users\ASUS\.jdks\corretto-17.0.13\bin\management_ext.dll
Event: 5.055 Loaded shared library C:\Users\ASUS\.jdks\corretto-17.0.13\bin\extnet.dll
Event: 5.661 Loaded shared library C:\Users\ASUS\.jdks\corretto-17.0.13\bin\sunmscapi.dll

Deoptimization events (20 events):
Event: 11.391 Thread 0x000001d46c895f80 Uncommon trap: trap_request=0xffffff45 fr.pc=0x000001d4464abc48 relative=0x0000000000000968
Event: 11.391 Thread 0x000001d46c895f80 Uncommon trap: reason=unstable_if action=reinterpret pc=0x000001d4464abc48 method=java.util.HashMap.resize()[Ljava/util/HashMap$Node; @ 203 c2
Event: 11.391 Thread 0x000001d46c895f80 DEOPT PACKING pc=0x000001d4464abc48 sp=0x000000cd106f87d0
Event: 11.391 Thread 0x000001d46c895f80 DEOPT UNPACKING pc=0x000001d445d869a3 sp=0x000000cd106f8760 mode 2
Event: 11.391 Thread 0x000001d46c895f80 Uncommon trap: trap_request=0xffffff45 fr.pc=0x000001d4466ac9cc relative=0x000000000000022c
Event: 11.391 Thread 0x000001d46c895f80 Uncommon trap: reason=unstable_if action=reinterpret pc=0x000001d4466ac9cc method=java.util.HashMap.getNode(Ljava/lang/Object;)Ljava/util/HashMap$Node; @ 85 c2
Event: 11.391 Thread 0x000001d46c895f80 DEOPT PACKING pc=0x000001d4466ac9cc sp=0x000000cd106f88c0
Event: 11.391 Thread 0x000001d46c895f80 DEOPT UNPACKING pc=0x000001d445d869a3 sp=0x000000cd106f8840 mode 2
Event: 11.391 Thread 0x000001d46c895f80 Uncommon trap: trap_request=0xffffff45 fr.pc=0x000001d4466a9d40 relative=0x00000000000006e0
Event: 11.391 Thread 0x000001d46c895f80 Uncommon trap: reason=unstable_if action=reinterpret pc=0x000001d4466a9d40 method=java.util.HashMap.putVal(ILjava/lang/Object;Ljava/lang/Object;ZZ)Ljava/lang/Object; @ 109 c2
Event: 11.391 Thread 0x000001d46c895f80 DEOPT PACKING pc=0x000001d4466a9d40 sp=0x000000cd106f8860
Event: 11.391 Thread 0x000001d46c895f80 DEOPT UNPACKING pc=0x000001d445d869a3 sp=0x000000cd106f8818 mode 2
Event: 11.632 Thread 0x000001d46c895f80 Uncommon trap: trap_request=0xffffff45 fr.pc=0x000001d4464c90a4 relative=0x0000000000000084
Event: 11.632 Thread 0x000001d46c895f80 Uncommon trap: reason=unstable_if action=reinterpret pc=0x000001d4464c90a4 method=org.gradle.internal.serialize.graph.codecs.BindingsBuilder$producerForSubtypesOf$1.encodingForType(Ljava/lang/Class;)Lorg/gradle/internal/serialize/graph/Codec; @ 27 c2
Event: 11.632 Thread 0x000001d46c895f80 DEOPT PACKING pc=0x000001d4464c90a4 sp=0x000000cd106f9cc0
Event: 11.632 Thread 0x000001d46c895f80 DEOPT UNPACKING pc=0x000001d445d869a3 sp=0x000000cd106f9bc8 mode 2
Event: 11.739 Thread 0x000001d46c895f80 Uncommon trap: trap_request=0xffffff45 fr.pc=0x000001d4464c8ca4 relative=0x0000000000000084
Event: 11.739 Thread 0x000001d46c895f80 Uncommon trap: reason=unstable_if action=reinterpret pc=0x000001d4464c8ca4 method=org.gradle.internal.serialize.graph.codecs.BindingsBuilder$producerForSubtypesOf$1.encodingForType(Ljava/lang/Class;)Lorg/gradle/internal/serialize/graph/Codec; @ 27 c2
Event: 11.739 Thread 0x000001d46c895f80 DEOPT PACKING pc=0x000001d4464c8ca4 sp=0x000000cd106f9720
Event: 11.739 Thread 0x000001d46c895f80 DEOPT UNPACKING pc=0x000001d445d869a3 sp=0x000000cd106f96a0 mode 2

Classes loaded (20 events):
Event: 11.763 Loading class jdk/internal/reflect/UnsafeBooleanFieldAccessorImpl
Event: 11.763 Loading class jdk/internal/reflect/UnsafeBooleanFieldAccessorImpl done
Event: 11.764 Loading class jdk/internal/reflect/UnsafeIntegerFieldAccessorImpl
Event: 11.764 Loading class jdk/internal/reflect/UnsafeIntegerFieldAccessorImpl done
Event: 11.768 Loading class jdk/internal/reflect/UnsafeQualifiedIntegerFieldAccessorImpl
Event: 11.768 Loading class jdk/internal/reflect/UnsafeQualifiedIntegerFieldAccessorImpl done
Event: 11.769 Loading class jdk/internal/reflect/UnsafeQualifiedLongFieldAccessorImpl
Event: 11.769 Loading class jdk/internal/reflect/UnsafeQualifiedLongFieldAccessorImpl done
Event: 11.775 Loading class java/util/IdentityHashMap$EntrySet
Event: 11.775 Loading class java/util/IdentityHashMap$EntrySet done
Event: 11.775 Loading class java/util/IdentityHashMap$EntryIterator
Event: 11.776 Loading class java/util/IdentityHashMap$EntryIterator done
Event: 11.776 Loading class java/util/IdentityHashMap$EntryIterator$Entry
Event: 11.776 Loading class java/util/IdentityHashMap$EntryIterator$Entry done
Event: 11.849 Loading class java/lang/invoke/SerializedLambda$1
Event: 11.849 Loading class java/lang/invoke/SerializedLambda$1 done
Event: 12.935 Loading class java/util/DualPivotQuicksort
Event: 12.936 Loading class java/util/DualPivotQuicksort done
Event: 12.976 Loading class java/util/function/LongUnaryOperator
Event: 12.976 Loading class java/util/function/LongUnaryOperator done

Classes unloaded (0 events):
No events

Classes redefined (0 events):
No events

Internal exceptions (20 events):
Event: 11.193 Thread 0x000001d46c895f80 Exception <a 'sun/nio/fs/WindowsException'{0x00000000ec7796b8}> (0x00000000ec7796b8) 
thrown [s\src\hotspot\share\prims\jni.cpp, line 516]
Event: 11.207 Thread 0x000001d46c895f80 Exception <a 'java/lang/IncompatibleClassChangeError'{0x00000000ec7c1b30}: Found class java.lang.Object, but interface was expected> (0x00000000ec7c1b30) 
thrown [s\src\hotspot\share\interpreter\linkResolver.cpp, line 826]
Event: 11.224 Thread 0x000001d46c895f80 Exception <a 'java/lang/ClassNotFoundException'{0x00000000ec6f84b0}: settings_5g4sbo3n2y5fyyga7ajiobi2qBeanInfo> (0x00000000ec6f84b0) 
thrown [s\src\hotspot\share\classfile\systemDictionary.cpp, line 256]
Event: 11.224 Thread 0x000001d46c895f80 Exception <a 'java/lang/ClassNotFoundException'{0x00000000ec503858}: org/gradle/initialization/SettingsScriptBeanInfo> (0x00000000ec503858) 
thrown [s\src\hotspot\share\classfile\systemDictionary.cpp, line 256]
Event: 11.224 Thread 0x000001d46c895f80 Exception <a 'java/lang/ClassNotFoundException'{0x00000000ec50eda8}: org/gradle/plugin/use/internal/PluginsAwareScriptBeanInfo> (0x00000000ec50eda8) 
thrown [s\src\hotspot\share\classfile\systemDictionary.cpp, line 256]
Event: 11.224 Thread 0x000001d46c895f80 Exception <a 'java/lang/ClassNotFoundException'{0x00000000ec51a2f0}: org/gradle/plugin/use/internal/PluginsAwareScriptCustomizer> (0x00000000ec51a2f0) 
thrown [s\src\hotspot\share\classfile\systemDictionary.cpp, line 256]
Event: 11.225 Thread 0x000001d46c895f80 Exception <a 'java/lang/ClassNotFoundException'{0x00000000ec52d6b0}: org/gradle/initialization/SettingsScriptCustomizer> (0x00000000ec52d6b0) 
thrown [s\src\hotspot\share\classfile\systemDictionary.cpp, line 256]
Event: 11.225 Thread 0x000001d46c895f80 Exception <a 'java/lang/ClassNotFoundException'{0x00000000ec53ba08}: settings_5g4sbo3n2y5fyyga7ajiobi2qCustomizer> (0x00000000ec53ba08) 
thrown [s\src\hotspot\share\classfile\systemDictionary.cpp, line 256]
Event: 11.231 Thread 0x000001d46c895f80 Exception <a 'java/lang/ClassNotFoundException'{0x00000000ec5d0930}: org/gradle/initialization/DefaultSettings_DecoratedBeanInfo> (0x00000000ec5d0930) 
thrown [s\src\hotspot\share\classfile\systemDictionary.cpp, line 256]
Event: 11.231 Thread 0x000001d46c895f80 Exception <a 'java/lang/ClassNotFoundException'{0x00000000ec5e0340}: org/gradle/initialization/DefaultSettingsBeanInfo> (0x00000000ec5e0340) 
thrown [s\src\hotspot\share\classfile\systemDictionary.cpp, line 256]
Event: 11.232 Thread 0x000001d46c895f80 Exception <a 'java/lang/ClassNotFoundException'{0x00000000ec5ef7e8}: org/gradle/initialization/DefaultSettingsCustomizer> (0x00000000ec5ef7e8) 
thrown [s\src\hotspot\share\classfile\systemDictionary.cpp, line 256]
Event: 11.234 Thread 0x000001d46c895f80 Exception <a 'java/lang/ClassNotFoundException'{0x00000000ec437a78}: org/gradle/initialization/DefaultSettings_DecoratedCustomizer> (0x00000000ec437a78) 
thrown [s\src\hotspot\share\classfile\systemDictionary.cpp, line 256]
Event: 11.240 Thread 0x000001d46c895f80 Exception <a 'java/lang/ClassNotFoundException'{0x00000000ec4b1e68}: org/gradle/initialization/DefaultProjectDescriptorBeanInfo> (0x00000000ec4b1e68) 
thrown [s\src\hotspot\share\classfile\systemDictionary.cpp, line 256]
Event: 11.241 Thread 0x000001d46c895f80 Exception <a 'java/lang/ClassNotFoundException'{0x00000000ec4c1020}: org/gradle/initialization/DefaultProjectDescriptorCustomizer> (0x00000000ec4c1020) 
thrown [s\src\hotspot\share\classfile\systemDictionary.cpp, line 256]
Event: 11.248 Thread 0x000001d46c895f80 Exception <a 'java/lang/NoSuchMethodError'{0x00000000ec30f528}: 'void java.lang.invoke.DirectMethodHandle$Holder.invokeInterface(java.lang.Object, java.lang.Object)'> (0x00000000ec30f528) 
thrown [s\src\hotspot\share\interpreter\linkResolver.cpp, line 759]
Event: 11.842 Thread 0x000001d46c895f80 Exception <a 'java/lang/ClassNotFoundException'{0x00000000ea6f5dc8}: org/gradle/internal/serialize/codecs/core/ClosureCodec$BrokenScriptBeanInfo> (0x00000000ea6f5dc8) 
thrown [s\src\hotspot\share\classfile\systemDictionary.cpp, line 256]
Event: 11.842 Thread 0x000001d46c895f80 Exception <a 'java/lang/ClassNotFoundException'{0x00000000ea506818}: org/gradle/internal/serialize/codecs/core/ClosureCodec$BrokenScriptCustomizer> (0x00000000ea506818) 
thrown [s\src\hotspot\share\classfile\systemDictionary.cpp, line 256]
Event: 11.844 Thread 0x000001d46c895f80 Exception <a 'java/lang/ClassNotFoundException'{0x00000000ea5235d0}: org/gradle/api/invocation/GradleBeanInfo> (0x00000000ea5235d0) 
thrown [s\src\hotspot\share\classfile\systemDictionary.cpp, line 256]
Event: 11.844 Thread 0x000001d46c895f80 Exception <a 'java/lang/ClassNotFoundException'{0x00000000ea530cd8}: org/gradle/api/invocation/GradleCustomizer> (0x00000000ea530cd8) 
thrown [s\src\hotspot\share\classfile\systemDictionary.cpp, line 256]
Event: 12.977 Thread 0x000001d46c895f80 Exception <a 'java/lang/NoSuchMethodError'{0x00000000e9fe4998}: 'long java.lang.invoke.DirectMethodHandle$Holder.invokeStatic(java.lang.Object, long)'> (0x00000000e9fe4998) 
thrown [s\src\hotspot\share\interpreter\linkResolver.cpp, line 759]

VM Operations (20 events):
Event: 10.703 Executing VM operation: HandshakeAllThreads
Event: 10.704 Executing VM operation: HandshakeAllThreads done
Event: 10.728 Executing VM operation: HandshakeAllThreads
Event: 10.729 Executing VM operation: HandshakeAllThreads done
Event: 11.112 Executing VM operation: ICBufferFull
Event: 11.112 Executing VM operation: ICBufferFull done
Event: 11.124 Executing VM operation: HandshakeAllThreads
Event: 11.124 Executing VM operation: HandshakeAllThreads done
Event: 11.374 Executing VM operation: HandshakeAllThreads
Event: 11.374 Executing VM operation: HandshakeAllThreads done
Event: 11.420 Executing VM operation: ICBufferFull
Event: 11.421 Executing VM operation: ICBufferFull done
Event: 11.567 Executing VM operation: HandshakeAllThreads
Event: 11.568 Executing VM operation: HandshakeAllThreads done
Event: 11.805 Executing VM operation: HandshakeAllThreads
Event: 11.805 Executing VM operation: HandshakeAllThreads done
Event: 12.816 Executing VM operation: Cleanup
Event: 12.909 Executing VM operation: Cleanup done
Event: 13.916 Executing VM operation: Cleanup
Event: 13.916 Executing VM operation: Cleanup done

Memory protections (0 events):
No events

Nmethod flushes (20 events):
Event: 10.734 Thread 0x000001d45298b3e0 flushing  nmethod 0x000001d43f0afe10
Event: 10.734 Thread 0x000001d45298b3e0 flushing  nmethod 0x000001d43f0b0610
Event: 10.734 Thread 0x000001d45298b3e0 flushing  nmethod 0x000001d43f0b1790
Event: 10.734 Thread 0x000001d45298b3e0 flushing  nmethod 0x000001d43f0b2590
Event: 10.734 Thread 0x000001d45298b3e0 flushing  nmethod 0x000001d43f0c0c90
Event: 10.734 Thread 0x000001d45298b3e0 flushing  nmethod 0x000001d43f0d3c90
Event: 10.734 Thread 0x000001d45298b3e0 flushing  nmethod 0x000001d43f0e1b90
Event: 10.734 Thread 0x000001d45298b3e0 flushing  nmethod 0x000001d43f0e7e90
Event: 10.734 Thread 0x000001d45298b3e0 flushing  nmethod 0x000001d43f0e8410
Event: 10.734 Thread 0x000001d45298b3e0 flushing  nmethod 0x000001d43f0e8b10
Event: 10.734 Thread 0x000001d45298b3e0 flushing  nmethod 0x000001d43f0e9990
Event: 10.734 Thread 0x000001d45298b3e0 flushing  nmethod 0x000001d43f0ea790
Event: 10.734 Thread 0x000001d45298b3e0 flushing  nmethod 0x000001d43f0ebe90
Event: 10.734 Thread 0x000001d45298b3e0 flushing  nmethod 0x000001d43f0f7810
Event: 10.734 Thread 0x000001d45298b3e0 flushing  nmethod 0x000001d43f106590
Event: 10.734 Thread 0x000001d45298b3e0 flushing  nmethod 0x000001d43f128590
Event: 10.735 Thread 0x000001d45298b3e0 flushing  nmethod 0x000001d43f168c90
Event: 10.735 Thread 0x000001d45298b3e0 flushing  nmethod 0x000001d43f169510
Event: 10.735 Thread 0x000001d45298b3e0 flushing  nmethod 0x000001d43f16b410
Event: 10.735 Thread 0x000001d45298b3e0 flushing  nmethod 0x000001d43f1d4a10

Events (20 events):
Event: 9.853 Thread 0x000001d46c895f80 Thread added: 0x000001d4712e8b50
Event: 10.010 Thread 0x000001d46c895f80 Thread added: 0x000001d4712e62d0
Event: 10.841 Thread 0x000001d46c895f80 Thread added: 0x000001d4712e9060
Event: 10.845 Thread 0x000001d46c895f80 Thread added: 0x000001d4712e9a80
Event: 10.849 Thread 0x000001d46c895f80 Thread added: 0x000001d4712e9f90
Event: 10.851 Thread 0x000001d46c895f80 Thread added: 0x000001d4712e6cf0
Event: 10.916 Thread 0x000001d46c895f80 Thread added: 0x000001d4712ea4a0
Event: 10.917 Thread 0x000001d46c895f80 Thread added: 0x000001d4712ea9b0
Event: 10.917 Thread 0x000001d46c895f80 Thread added: 0x000001d4712e7200
Event: 10.918 Thread 0x000001d46c895f80 Thread added: 0x000001d4712e7c20
Event: 11.017 Thread 0x000001d46c895f80 Thread added: 0x000001d4712ecd20
Event: 11.084 Thread 0x000001d46c895f80 Thread added: 0x000001d4712eb8e0
Event: 11.117 Thread 0x000001d46c895f80 Thread added: 0x000001d4712ebdf0
Event: 11.118 Thread 0x000001d46c895f80 Thread added: 0x000001d4712ed740
Event: 11.118 Thread 0x000001d46c895f80 Thread added: 0x000001d4712eb3d0
Event: 11.119 Thread 0x000001d46c895f80 Thread added: 0x000001d4712ed230
Event: 11.134 Thread 0x000001d46c895f80 Thread added: 0x000001d4712eaec0
Event: 11.202 Thread 0x000001d46c895f80 Thread added: 0x000001d4712ec810
Event: 11.215 Thread 0x000001d46c895f80 Thread added: 0x000001d4712ec300
Event: 11.739 Thread 0x000001d46eb40a00 Thread exited: 0x000001d46eb40a00


Dynamic libraries:
0x00007ff6996e0000 - 0x00007ff6996ee000 	C:\Users\ASUS\.jdks\corretto-17.0.13\bin\java.exe
0x00007ffc00620000 - 0x00007ffc00885000 	C:\WINDOWS\SYSTEM32\ntdll.dll
0x00007ffbc5900000 - 0x00007ffbc591b000 	C:\Program Files\Avast Software\Avast\aswhook.dll
0x00007ffc001c0000 - 0x00007ffc00289000 	C:\WINDOWS\System32\KERNEL32.DLL
0x00007ffbfd860000 - 0x00007ffbfdc48000 	C:\WINDOWS\System32\KERNELBASE.dll
0x00007ffbfddd0000 - 0x00007ffbfdf1b000 	C:\WINDOWS\System32\ucrtbase.dll
0x00007ffbdb8e0000 - 0x00007ffbdb8fb000 	C:\Users\ASUS\.jdks\corretto-17.0.13\bin\VCRUNTIME140.dll
0x00007ffbdc630000 - 0x00007ffbdc647000 	C:\Users\ASUS\.jdks\corretto-17.0.13\bin\jli.dll
0x00007ffbff2a0000 - 0x00007ffbff46a000 	C:\WINDOWS\System32\USER32.dll
0x00007ffbfd770000 - 0x00007ffbfd797000 	C:\WINDOWS\System32\win32u.dll
0x00007ffbd87c0000 - 0x00007ffbd8a5a000 	C:\WINDOWS\WinSxS\amd64_microsoft.windows.common-controls_6595b64144ccf1df_6.0.26100.4202_none_3e0698d4e335f517\COMCTL32.dll
0x00007ffc00310000 - 0x00007ffc0033b000 	C:\WINDOWS\System32\GDI32.dll
0x00007ffc00060000 - 0x00007ffc00109000 	C:\WINDOWS\System32\msvcrt.dll
0x00007ffbfe140000 - 0x00007ffbfe277000 	C:\WINDOWS\System32\gdi32full.dll
0x00007ffbfe280000 - 0x00007ffbfe323000 	C:\WINDOWS\System32\msvcp_win.dll
0x00007ffbfe570000 - 0x00007ffbfe5a0000 	C:\WINDOWS\System32\IMM32.DLL
0x00007ffbfa0c0000 - 0x00007ffbfa0cc000 	C:\Users\ASUS\.jdks\corretto-17.0.13\bin\vcruntime140_1.dll
0x00007ffba38d0000 - 0x00007ffba395d000 	C:\Users\ASUS\.jdks\corretto-17.0.13\bin\msvcp140.dll
0x00007ffad42c0000 - 0x00007ffad4f2c000 	C:\Users\ASUS\.jdks\corretto-17.0.13\bin\server\jvm.dll
0x00007ffbff910000 - 0x00007ffbff9c3000 	C:\WINDOWS\System32\ADVAPI32.dll
0x00007ffc00110000 - 0x00007ffc001b6000 	C:\WINDOWS\System32\sechost.dll
0x00007ffbffbb0000 - 0x00007ffbffcc5000 	C:\WINDOWS\System32\RPCRT4.dll
0x00007ffc00290000 - 0x00007ffc00304000 	C:\WINDOWS\System32\WS2_32.dll
0x00007ffbfcc60000 - 0x00007ffbfccbe000 	C:\WINDOWS\SYSTEM32\POWRPROF.dll
0x00007ffbec170000 - 0x00007ffbec1a5000 	C:\WINDOWS\SYSTEM32\WINMM.dll
0x00007ffbf52f0000 - 0x00007ffbf52fb000 	C:\WINDOWS\SYSTEM32\VERSION.dll
0x00007ffbfcc00000 - 0x00007ffbfcc14000 	C:\WINDOWS\SYSTEM32\UMPDC.dll
0x00007ffbfc520000 - 0x00007ffbfc53b000 	C:\WINDOWS\SYSTEM32\kernel.appcore.dll
0x00007ffbf82f0000 - 0x00007ffbf82fa000 	C:\Users\ASUS\.jdks\corretto-17.0.13\bin\jimage.dll
0x00007ffbfaa40000 - 0x00007ffbfac81000 	C:\WINDOWS\SYSTEM32\DBGHELP.DLL
0x00007ffbffcd0000 - 0x00007ffc00055000 	C:\WINDOWS\System32\combase.dll
0x00007ffbfe480000 - 0x00007ffbfe561000 	C:\WINDOWS\System32\OLEAUT32.dll
0x00007ffbeb760000 - 0x00007ffbeb799000 	C:\WINDOWS\SYSTEM32\dbgcore.DLL
0x00007ffbfdf20000 - 0x00007ffbfdfb9000 	C:\WINDOWS\System32\bcryptPrimitives.dll
0x00007ffbe1490000 - 0x00007ffbe149e000 	C:\Users\ASUS\.jdks\corretto-17.0.13\bin\instrument.dll
0x00007ffbdb8b0000 - 0x00007ffbdb8d5000 	C:\Users\ASUS\.jdks\corretto-17.0.13\bin\java.dll
0x00007ffb979c0000 - 0x00007ffb97a97000 	C:\Users\ASUS\.jdks\corretto-17.0.13\bin\jsvml.dll
0x00007ffbfe5b0000 - 0x00007ffbfecf2000 	C:\WINDOWS\System32\SHELL32.dll
0x00007ffbfdc50000 - 0x00007ffbfddc4000 	C:\WINDOWS\System32\wintypes.dll
0x00007ffbfb3b0000 - 0x00007ffbfbc07000 	C:\WINDOWS\SYSTEM32\windows.storage.dll
0x00007ffbfed00000 - 0x00007ffbfedf1000 	C:\WINDOWS\System32\SHCORE.dll
0x00007ffc00570000 - 0x00007ffc005da000 	C:\WINDOWS\System32\shlwapi.dll
0x00007ffbfd680000 - 0x00007ffbfd6af000 	C:\WINDOWS\SYSTEM32\profapi.dll
0x00007ffbdb890000 - 0x00007ffbdb8a8000 	C:\Users\ASUS\.jdks\corretto-17.0.13\bin\zip.dll
0x00007ffbdb830000 - 0x00007ffbdb849000 	C:\Users\ASUS\.jdks\corretto-17.0.13\bin\net.dll
0x00007ffbf6a80000 - 0x00007ffbf6b9e000 	C:\WINDOWS\SYSTEM32\WINHTTP.dll
0x00007ffbfcb10000 - 0x00007ffbfcb7a000 	C:\WINDOWS\system32\mswsock.dll
0x00007ffbdb7b0000 - 0x00007ffbdb7c6000 	C:\Users\ASUS\.jdks\corretto-17.0.13\bin\nio.dll
0x00007ffbe0ac0000 - 0x00007ffbe0ad0000 	C:\Users\ASUS\.jdks\corretto-17.0.13\bin\verify.dll
0x00007ffbdbfd0000 - 0x00007ffbdbff7000 	C:\Users\ASUS\.gradle\native\1def1411415f61bf3af743bc5b6707747c0891f09f0c88961ee8f79bc544acac\windows-amd64\native-platform.dll
0x00007ffba3800000 - 0x00007ffba3878000 	C:\Users\ASUS\.gradle\native\0.2.7\x86_64-windows-gnu\gradle-fileevents.dll
0x00007ffbdc620000 - 0x00007ffbdc629000 	C:\Users\ASUS\.jdks\corretto-17.0.13\bin\management.dll
0x00007ffbdc5e0000 - 0x00007ffbdc5eb000 	C:\Users\ASUS\.jdks\corretto-17.0.13\bin\management_ext.dll
0x00007ffc00340000 - 0x00007ffc00348000 	C:\WINDOWS\System32\PSAPI.DLL
0x00007ffbfbff0000 - 0x00007ffbfc023000 	C:\WINDOWS\SYSTEM32\IPHLPAPI.DLL
0x00007ffbfe450000 - 0x00007ffbfe45a000 	C:\WINDOWS\System32\NSI.dll
0x00007ffbf6de0000 - 0x00007ffbf6dff000 	C:\WINDOWS\SYSTEM32\dhcpcsvc6.DLL
0x00007ffbf6db0000 - 0x00007ffbf6dd5000 	C:\WINDOWS\SYSTEM32\dhcpcsvc.DLL
0x00007ffbfc0c0000 - 0x00007ffbfc1e7000 	C:\WINDOWS\SYSTEM32\DNSAPI.dll
0x00007ffbdc100000 - 0x00007ffbdc109000 	C:\Users\ASUS\.jdks\corretto-17.0.13\bin\extnet.dll
0x00007ffbfce70000 - 0x00007ffbfce8b000 	C:\WINDOWS\SYSTEM32\CRYPTSP.dll
0x00007ffbfc480000 - 0x00007ffbfc4ba000 	C:\WINDOWS\system32\rsaenh.dll
0x00007ffbfcbd0000 - 0x00007ffbfcbfb000 	C:\WINDOWS\SYSTEM32\USERENV.dll
0x00007ffbfd650000 - 0x00007ffbfd676000 	C:\WINDOWS\SYSTEM32\bcrypt.dll
0x00007ffbfce90000 - 0x00007ffbfce9c000 	C:\WINDOWS\SYSTEM32\CRYPTBASE.dll
0x00007ffbdbe90000 - 0x00007ffbdbe9e000 	C:\Users\ASUS\.jdks\corretto-17.0.13\bin\sunmscapi.dll
0x00007ffbfdfc0000 - 0x00007ffbfe137000 	C:\WINDOWS\System32\CRYPT32.dll
0x00007ffbfd010000 - 0x00007ffbfd040000 	C:\WINDOWS\SYSTEM32\ncrypt.dll
0x00007ffbfcfc0000 - 0x00007ffbfcfff000 	C:\WINDOWS\SYSTEM32\NTASN1.dll
0x00007ffbd22a0000 - 0x00007ffbd22a8000 	C:\WINDOWS\system32\wshunix.dll

dbghelp: loaded successfully - version: 4.0.5 - missing functions: none
symbol engine: initialized successfully - sym options: 0x614 - pdb path: .;C:\Users\ASUS\.jdks\corretto-17.0.13\bin;C:\WINDOWS\SYSTEM32;C:\Program Files\Avast Software\Avast;C:\WINDOWS\WinSxS\amd64_microsoft.windows.common-controls_6595b64144ccf1df_6.0.26100.4202_none_3e0698d4e335f517;C:\Users\ASUS\.jdks\corretto-17.0.13\bin\server;C:\Users\ASUS\.gradle\native\1def1411415f61bf3af743bc5b6707747c0891f09f0c88961ee8f79bc544acac\windows-amd64;C:\Users\ASUS\.gradle\native\0.2.7\x86_64-windows-gnu

VM Arguments:
jvm_args: --add-opens=java.base/java.lang=ALL-UNNAMED --add-opens=java.base/java.lang.invoke=ALL-UNNAMED --add-opens=java.base/java.util=ALL-UNNAMED --add-opens=java.prefs/java.util.prefs=ALL-UNNAMED --add-exports=jdk.compiler/com.sun.tools.javac.api=ALL-UNNAMED --add-exports=jdk.compiler/com.sun.tools.javac.util=ALL-UNNAMED --add-opens=java.base/java.util=ALL-UNNAMED --add-opens=java.prefs/java.util.prefs=ALL-UNNAMED --add-opens=java.base/java.nio.charset=ALL-UNNAMED --add-opens=java.base/java.net=ALL-UNNAMED --add-opens=java.base/java.util.concurrent.atomic=ALL-UNNAMED --add-opens=java.xml/javax.xml.namespace=ALL-UNNAMED -XX:MaxMetaspaceSize=384m -XX:+HeapDumpOnOutOfMemoryError -Xms256m -Xmx512m -Dfile.encoding=UTF-8 -Duser.country=US -Duser.language=en -Duser.variant -javaagent:C:\Users\ASUS\.gradle\wrapper\dists\gradle-8.14-bin\38aieal9i53h9rfe7vjup95b9\gradle-8.14\lib\agents\gradle-instrumentation-agent-8.14.jar 
java_command: org.gradle.launcher.daemon.bootstrap.GradleDaemon 8.14
java_class_path (initial): C:\Users\ASUS\.gradle\wrapper\dists\gradle-8.14-bin\38aieal9i53h9rfe7vjup95b9\gradle-8.14\lib\gradle-daemon-main-8.14.jar
Launcher Type: SUN_STANDARD

[Global flags]
     intx CICompilerCount                          = 12                                        {product} {ergonomic}
   size_t CompressedClassSpaceSize                 = 335544320                                 {product} {ergonomic}
     uint ConcGCThreads                            = 4                                         {product} {ergonomic}
     uint G1ConcRefinementThreads                  = 15                                        {product} {ergonomic}
   size_t G1HeapRegionSize                         = 1048576                                   {product} {ergonomic}
    uintx GCDrainStackTargetSize                   = 64                                        {product} {ergonomic}
     bool HeapDumpOnOutOfMemoryError               = true                                   {manageable} {command line}
   size_t InitialHeapSize                          = 268435456                                 {product} {command line}
   size_t MarkStackSize                            = 4194304                                   {product} {ergonomic}
   size_t MaxHeapSize                              = 536870912                                 {product} {command line}
   size_t MaxMetaspaceSize                         = 402653184                                 {product} {command line}
   size_t MaxNewSize                               = 321912832                                 {product} {ergonomic}
   size_t MinHeapDeltaBytes                        = 1048576                                   {product} {ergonomic}
   size_t MinHeapSize                              = 268435456                                 {product} {command line}
    uintx NonNMethodCodeHeapSize                   = 7602480                                {pd product} {ergonomic}
    uintx NonProfiledCodeHeapSize                  = 122027880                              {pd product} {ergonomic}
    uintx ProfiledCodeHeapSize                     = 122027880                              {pd product} {ergonomic}
    uintx ReservedCodeCacheSize                    = 251658240                              {pd product} {ergonomic}
     bool SegmentedCodeCache                       = true                                      {product} {ergonomic}
   size_t SoftMaxHeapSize                          = 536870912                              {manageable} {ergonomic}
     bool UseCompressedClassPointers               = true                           {product lp64_product} {ergonomic}
     bool UseCompressedOops                        = true                           {product lp64_product} {ergonomic}
     bool UseG1GC                                  = true                                      {product} {ergonomic}
     bool UseLargePagesIndividualAllocation        = false                                  {pd product} {ergonomic}

Logging:
Log output configuration:
 #0: stdout all=warning uptime,level,tags
 #1: stderr all=off uptime,level,tags

Environment Variables:
PATH=C:\Program Files\Google\Chrome\Application;C:\Program Files\Common Files\Oracle\Java\javapath;C:\Windows\system32;C:\Windows;C:\Windows\System32\Wbem;C:\Windows\System32\WindowsPowerShell\v1.0\;C:\Windows\System32\OpenSSH\;C:\Program Files (x86)\NVIDIA Corporation\PhysX\Common;C:\Program Files\NVIDIA Corporation\NVIDIA NvDLISR;C:\Program Files\Cloudflare\Cloudflare WARP\;C:\Program Files\Git\cmd;C:\Program Files\GitHub CLI\;C:\WINDOWS\system32;C:\WINDOWS;C:\WINDOWS\System32\Wbem;C:\WINDOWS\System32\WindowsPowerShell\v1.0\;C:\WINDOWS\System32\OpenSSH\;C:\Program Files (x86)\Microsoft SQL Server\160\Tools\Binn\;C:\Program Files\Microsoft SQL Server\160\Tools\Binn\;C:\Program Files\Microsoft SQL Server\Client SDK\ODBC\170\Tools\Binn\;C:\Program Files\Microsoft SQL Server\160\DTS\Binn\;C:\Program Files (x86)\Microsoft SQL Server\160\DTS\Binn\;C:\Users\ASUS\AppData\Local\Microsoft\WindowsApps;C:\MinGW\bin;C:\Program Files\JetBrains\IntelliJ IDEA 2024.2.0.2\bin;;C:\Users\ASUS\AppData\Local\Programs\Microsoft VS Code\bin;C:\Users\ASUS\AppData\Local\Programs\cursor\resources\app\bin
USERNAME=ASUS
OS=Windows_NT
PROCESSOR_IDENTIFIER=Intel64 Family 6 Model 154 Stepping 3, GenuineIntel
TMP=C:\Users\ASUS\AppData\Local\Temp
TEMP=C:\Users\ASUS\AppData\Local\Temp



Periodic native trim disabled


---------------  S Y S T E M  ---------------

OS:
 Windows 11 , 64 bit Build 26100 (10.0.26100.4202)
OS uptime: 1 days 7:46 hours
Hyper-V role detected

CPU: total 20 (initial active 20) (10 cores per cpu, 2 threads per core) family 6 model 154 stepping 3 microcode 0x434, cx8, cmov, fxsr, ht, mmx, 3dnowpref, sse, sse2, sse3, ssse3, sse4.1, sse4.2, popcnt, lzcnt, tsc, tscinvbit, avx, avx2, aes, erms, clmul, bmi1, bmi2, adx, sha, fma, vzeroupper, clflush, clflushopt, clwb, hv
Processor Information for processor 0
  Max Mhz: 2300, Current Mhz: 2300, Mhz Limit: 2300
Processor Information for processor 1
  Max Mhz: 2300, Current Mhz: 2300, Mhz Limit: 2300
Processor Information for processor 2
  Max Mhz: 2300, Current Mhz: 2300, Mhz Limit: 2300
Processor Information for processor 3
  Max Mhz: 2300, Current Mhz: 2300, Mhz Limit: 2300
Processor Information for processor 4
  Max Mhz: 2300, Current Mhz: 2300, Mhz Limit: 2300
Processor Information for processor 5
  Max Mhz: 2300, Current Mhz: 2300, Mhz Limit: 2300
Processor Information for processor 6
  Max Mhz: 2300, Current Mhz: 2300, Mhz Limit: 2300
Processor Information for processor 7
  Max Mhz: 2300, Current Mhz: 2300, Mhz Limit: 2300
Processor Information for processor 8
  Max Mhz: 2300, Current Mhz: 2300, Mhz Limit: 2300
Processor Information for processor 9
  Max Mhz: 2300, Current Mhz: 2300, Mhz Limit: 2300
Processor Information for processor 10
  Max Mhz: 2300, Current Mhz: 1506, Mhz Limit: 2300
Processor Information for processor 11
  Max Mhz: 2300, Current Mhz: 2300, Mhz Limit: 2300
Processor Information for processor 12
  Max Mhz: 2300, Current Mhz: 1488, Mhz Limit: 2300
Processor Information for processor 13
  Max Mhz: 2300, Current Mhz: 1488, Mhz Limit: 2300
Processor Information for processor 14
  Max Mhz: 2300, Current Mhz: 2300, Mhz Limit: 2300
Processor Information for processor 15
  Max Mhz: 2300, Current Mhz: 2300, Mhz Limit: 2300
Processor Information for processor 16
  Max Mhz: 2300, Current Mhz: 1488, Mhz Limit: 2300
Processor Information for processor 17
  Max Mhz: 2300, Current Mhz: 1488, Mhz Limit: 2300
Processor Information for processor 18
  Max Mhz: 2300, Current Mhz: 2300, Mhz Limit: 2300
Processor Information for processor 19
  Max Mhz: 2300, Current Mhz: 1488, Mhz Limit: 2300

Memory: 4k page, system-wide physical 7812M (674M free)
TotalPageFile size 31364M (AvailPageFile size 0M)
current process WorkingSet (physical memory assigned to process): 298M, peak: 322M
current process commit charge ("private bytes"): 480M, peak: 489M

vm_info: OpenJDK 64-Bit Server VM (17.0.13+11-LTS) for windows-amd64 JRE (17.0.13+11-LTS), built on Oct 10 2024 19:51:30 by "Administrator" with MS VC++ 16.10 / 16.11 (VS2019)

END.
